[2017-09-04 00:03:45] local.ERROR: exception 'InvalidArgumentException' with message 'View [pages.home] not found.' in C:\Bitnami\CursoLaravel\sisreclamosbav3\vendor\laravel\framework\src\Illuminate\View\FileViewFinder.php:137
Stack trace:
#0 C:\Bitnami\CursoLaravel\sisreclamosbav3\vendor\laravel\framework\src\Illuminate\View\FileViewFinder.php(79): Illuminate\View\FileViewFinder->findInPaths('pages.home', Array)
#1 C:\Bitnami\CursoLaravel\sisreclamosbav3\vendor\laravel\framework\src\Illuminate\View\Factory.php(129): Illuminate\View\FileViewFinder->find('pages.home')
#2 C:\Bitnami\CursoLaravel\sisreclamosbav3\vendor\laravel\framework\src\Illuminate\Support\Facades\Facade.php(221): Illuminate\View\Factory->make('pages.home')
#3 C:\Bitnami\CursoLaravel\sisreclamosbav3\routes\web.php(20): Illuminate\Support\Facades\Facade::__callStatic('make', Array)
#4 C:\Bitnami\CursoLaravel\sisreclamosbav3\routes\web.php(20): Illuminate\Support\Facades\View::make('pages.home')
#5 C:\Bitnami\CursoLaravel\sisreclamosbav3\vendor\laravel\framework\src\Illuminate\Routing\Route.php(190): Illuminate\Routing\Router->{closure}()
#6 C:\Bitnami\CursoLaravel\sisreclamosbav3\vendor\laravel\framework\src\Illuminate\Routing\Route.php(163): Illuminate\Routing\Route->runCallable()
#7 C:\Bitnami\CursoLaravel\sisreclamosbav3\vendor\laravel\framework\src\Illuminate\Routing\Router.php(559): Illuminate\Routing\Route->run()
#8 C:\Bitnami\CursoLaravel\sisreclamosbav3\vendor\laravel\framework\src\Illuminate\Routing\Pipeline.php(30): Illuminate\Routing\Router->Illuminate\Routing\{closure}(Object(Illuminate\Http\Request))
#9 C:\Bitnami\CursoLaravel\sisreclamosbav3\vendor\laravel\framework\src\Illuminate\Routing\Middleware\SubstituteBindings.php(41): Illuminate\Routing\Pipeline->Illuminate\Routing\{closure}(Object(Illuminate\Http\Request))
#10 C:\Bitnami\CursoLaravel\sisreclamosbav3\vendor\laravel\framework\src\Illuminate\Pipeline\Pipeline.php(148): Illuminate\Routing\Middleware\SubstituteBindings->handle(Object(Illuminate\Http\Request), Object(Closure))
#11 C:\Bitnami\CursoLaravel\sisreclamosbav3\vendor\laravel\framework\src\Illuminate\Routing\Pipeline.php(53): Illuminate\Pipeline\Pipeline->Illuminate\Pipeline\{closure}(Object(Illuminate\Http\Request))
#12 C:\Bitnami\CursoLaravel\sisreclamosbav3\vendor\laravel\framework\src\Illuminate\Foundation\Http\Middleware\VerifyCsrfToken.php(65): Illuminate\Routing\Pipeline->Illuminate\Routing\{closure}(Object(Illuminate\Http\Request))
#13 C:\Bitnami\CursoLaravel\sisreclamosbav3\vendor\laravel\framework\src\Illuminate\Pipeline\Pipeline.php(148): Illuminate\Foundation\Http\Middleware\VerifyCsrfToken->handle(Object(Illuminate\Http\Request), Object(Closure))
#14 C:\Bitnami\CursoLaravel\sisreclamosbav3\vendor\laravel\framework\src\Illuminate\Routing\Pipeline.php(53): Illuminate\Pipeline\Pipeline->Illuminate\Pipeline\{closure}(Object(Illuminate\Http\Request))
#15 C:\Bitnami\CursoLaravel\sisreclamosbav3\vendor\laravel\framework\src\Illuminate\View\Middleware\ShareErrorsFromSession.php(49): Illuminate\Routing\Pipeline->Illuminate\Routing\{closure}(Object(Illuminate\Http\Request))
#16 C:\Bitnami\CursoLaravel\sisreclamosbav3\vendor\laravel\framework\src\Illuminate\Pipeline\Pipeline.php(148): Illuminate\View\Middleware\ShareErrorsFromSession->handle(Object(Illuminate\Http\Request), Object(Closure))
#17 C:\Bitnami\CursoLaravel\sisreclamosbav3\vendor\laravel\framework\src\Illuminate\Routing\Pipeline.php(53): Illuminate\Pipeline\Pipeline->Illuminate\Pipeline\{closure}(Object(Illuminate\Http\Request))
#18 C:\Bitnami\CursoLaravel\sisreclamosbav3\vendor\laravel\framework\src\Illuminate\Session\Middleware\StartSession.php(64): Illuminate\Routing\Pipeline->Illuminate\Routing\{closure}(Object(Illuminate\Http\Request))
#19 C:\Bitnami\CursoLaravel\sisreclamosbav3\vendor\laravel\framework\src\Illuminate\Pipeline\Pipeline.php(148): Illuminate\Session\Middleware\StartSession->handle(Object(Illuminate\Http\Request), Object(Closure))
#20 C:\Bitnami\CursoLaravel\sisreclamosbav3\vendor\laravel\framework\src\Illuminate\Routing\Pipeline.php(53): Illuminate\Pipeline\Pipeline->Illuminate\Pipeline\{closure}(Object(Illuminate\Http\Request))
#21 C:\Bitnami\CursoLaravel\sisreclamosbav3\vendor\laravel\framework\src\Illuminate\Cookie\Middleware\AddQueuedCookiesToResponse.php(37): Illuminate\Routing\Pipeline->Illuminate\Routing\{closure}(Object(Illuminate\Http\Request))
#22 C:\Bitnami\CursoLaravel\sisreclamosbav3\vendor\laravel\framework\src\Illuminate\Pipeline\Pipeline.php(148): Illuminate\Cookie\Middleware\AddQueuedCookiesToResponse->handle(Object(Illuminate\Http\Request), Object(Closure))
#23 C:\Bitnami\CursoLaravel\sisreclamosbav3\vendor\laravel\framework\src\Illuminate\Routing\Pipeline.php(53): Illuminate\Pipeline\Pipeline->Illuminate\Pipeline\{closure}(Object(Illuminate\Http\Request))
#24 C:\Bitnami\CursoLaravel\sisreclamosbav3\vendor\laravel\framework\src\Illuminate\Cookie\Middleware\EncryptCookies.php(59): Illuminate\Routing\Pipeline->Illuminate\Routing\{closure}(Object(Illuminate\Http\Request))
#25 C:\Bitnami\CursoLaravel\sisreclamosbav3\vendor\laravel\framework\src\Illuminate\Pipeline\Pipeline.php(148): Illuminate\Cookie\Middleware\EncryptCookies->handle(Object(Illuminate\Http\Request), Object(Closure))
#26 C:\Bitnami\CursoLaravel\sisreclamosbav3\vendor\laravel\framework\src\Illuminate\Routing\Pipeline.php(53): Illuminate\Pipeline\Pipeline->Illuminate\Pipeline\{closure}(Object(Illuminate\Http\Request))
#27 C:\Bitnami\CursoLaravel\sisreclamosbav3\vendor\laravel\framework\src\Illuminate\Pipeline\Pipeline.php(102): Illuminate\Routing\Pipeline->Illuminate\Routing\{closure}(Object(Illuminate\Http\Request))
#28 C:\Bitnami\CursoLaravel\sisreclamosbav3\vendor\laravel\framework\src\Illuminate\Routing\Router.php(561): Illuminate\Pipeline\Pipeline->then(Object(Closure))
#29 C:\Bitnami\CursoLaravel\sisreclamosbav3\vendor\laravel\framework\src\Illuminate\Routing\Router.php(520): Illuminate\Routing\Router->runRouteWithinStack(Object(Illuminate\Routing\Route), Object(Illuminate\Http\Request))
#30 C:\Bitnami\CursoLaravel\sisreclamosbav3\vendor\laravel\framework\src\Illuminate\Routing\Router.php(498): Illuminate\Routing\Router->dispatchToRoute(Object(Illuminate\Http\Request))
#31 C:\Bitnami\CursoLaravel\sisreclamosbav3\vendor\laravel\framework\src\Illuminate\Foundation\Http\Kernel.php(174): Illuminate\Routing\Router->dispatch(Object(Illuminate\Http\Request))
#32 C:\Bitnami\CursoLaravel\sisreclamosbav3\vendor\laravel\framework\src\Illuminate\Routing\Pipeline.php(30): Illuminate\Foundation\Http\Kernel->Illuminate\Foundation\Http\{closure}(Object(Illuminate\Http\Request))
#33 C:\Bitnami\CursoLaravel\sisreclamosbav3\vendor\laravel\framework\src\Illuminate\Foundation\Http\Middleware\TransformsRequest.php(30): Illuminate\Routing\Pipeline->Illuminate\Routing\{closure}(Object(Illuminate\Http\Request))
#34 C:\Bitnami\CursoLaravel\sisreclamosbav3\vendor\laravel\framework\src\Illuminate\Pipeline\Pipeline.php(148): Illuminate\Foundation\Http\Middleware\TransformsRequest->handle(Object(Illuminate\Http\Request), Object(Closure))
#35 C:\Bitnami\CursoLaravel\sisreclamosbav3\vendor\laravel\framework\src\Illuminate\Routing\Pipeline.php(53): Illuminate\Pipeline\Pipeline->Illuminate\Pipeline\{closure}(Object(Illuminate\Http\Request))
#36 C:\Bitnami\CursoLaravel\sisreclamosbav3\vendor\laravel\framework\src\Illuminate\Foundation\Http\Middleware\TransformsRequest.php(30): Illuminate\Routing\Pipeline->Illuminate\Routing\{closure}(Object(Illuminate\Http\Request))
#37 C:\Bitnami\CursoLaravel\sisreclamosbav3\vendor\laravel\framework\src\Illuminate\Pipeline\Pipeline.php(148): Illuminate\Foundation\Http\Middleware\TransformsRequest->handle(Object(Illuminate\Http\Request), Object(Closure))
#38 C:\Bitnami\CursoLaravel\sisreclamosbav3\vendor\laravel\framework\src\Illuminate\Routing\Pipeline.php(53): Illuminate\Pipeline\Pipeline->Illuminate\Pipeline\{closure}(Object(Illuminate\Http\Request))
#39 C:\Bitnami\CursoLaravel\sisreclamosbav3\vendor\laravel\framework\src\Illuminate\Foundation\Http\Middleware\ValidatePostSize.php(27): Illuminate\Routing\Pipeline->Illuminate\Routing\{closure}(Object(Illuminate\Http\Request))
#40 C:\Bitnami\CursoLaravel\sisreclamosbav3\vendor\laravel\framework\src\Illuminate\Pipeline\Pipeline.php(148): Illuminate\Foundation\Http\Middleware\ValidatePostSize->handle(Object(Illuminate\Http\Request), Object(Closure))
#41 C:\Bitnami\CursoLaravel\sisreclamosbav3\vendor\laravel\framework\src\Illuminate\Routing\Pipeline.php(53): Illuminate\Pipeline\Pipeline->Illuminate\Pipeline\{closure}(Object(Illuminate\Http\Request))
#42 C:\Bitnami\CursoLaravel\sisreclamosbav3\vendor\laravel\framework\src\Illuminate\Foundation\Http\Middleware\CheckForMaintenanceMode.php(46): Illuminate\Routing\Pipeline->Illuminate\Routing\{closure}(Object(Illuminate\Http\Request))
#43 C:\Bitnami\CursoLaravel\sisreclamosbav3\vendor\laravel\framework\src\Illuminate\Pipeline\Pipeline.php(148): Illuminate\Foundation\Http\Middleware\CheckForMaintenanceMode->handle(Object(Illuminate\Http\Request), Object(Closure))
#44 C:\Bitnami\CursoLaravel\sisreclamosbav3\vendor\laravel\framework\src\Illuminate\Routing\Pipeline.php(53): Illuminate\Pipeline\Pipeline->Illuminate\Pipeline\{closure}(Object(Illuminate\Http\Request))
#45 C:\Bitnami\CursoLaravel\sisreclamosbav3\vendor\laravel\framework\src\Illuminate\Pipeline\Pipeline.php(102): Illuminate\Routing\Pipeline->Illuminate\Routing\{closure}(Object(Illuminate\Http\Request))
#46 C:\Bitnami\CursoLaravel\sisreclamosbav3\vendor\laravel\framework\src\Illuminate\Foundation\Http\Kernel.php(149): Illuminate\Pipeline\Pipeline->then(Object(Closure))
#47 C:\Bitnami\CursoLaravel\sisreclamosbav3\vendor\laravel\framework\src\Illuminate\Foundation\Http\Kernel.php(116): Illuminate\Foundation\Http\Kernel->sendRequestThroughRouter(Object(Illuminate\Http\Request))
#48 C:\Bitnami\CursoLaravel\sisreclamosbav3\public\index.php(54): Illuminate\Foundation\Http\Kernel->handle(Object(Illuminate\Http\Request))
#49 C:\Bitnami\CursoLaravel\sisreclamosbav3\server.php(21): require_once('C:\\Bitnami\\Curs...')
#50 {main}  
[2017-09-04 00:26:44] local.ERROR: exception 'InvalidArgumentException' with message 'View [pages.about] not found.' in C:\Bitnami\CursoLaravel\sisreclamosbav3\vendor\laravel\framework\src\Illuminate\View\FileViewFinder.php:137
Stack trace:
#0 C:\Bitnami\CursoLaravel\sisreclamosbav3\vendor\laravel\framework\src\Illuminate\View\FileViewFinder.php(79): Illuminate\View\FileViewFinder->findInPaths('pages.about', Array)
#1 C:\Bitnami\CursoLaravel\sisreclamosbav3\vendor\laravel\framework\src\Illuminate\View\Factory.php(129): Illuminate\View\FileViewFinder->find('pages.about')
#2 C:\Bitnami\CursoLaravel\sisreclamosbav3\vendor\laravel\framework\src\Illuminate\Support\Facades\Facade.php(221): Illuminate\View\Factory->make('pages.about')
#3 C:\Bitnami\CursoLaravel\sisreclamosbav3\routes\web.php(24): Illuminate\Support\Facades\Facade::__callStatic('make', Array)
#4 C:\Bitnami\CursoLaravel\sisreclamosbav3\routes\web.php(24): Illuminate\Support\Facades\View::make('pages.about')
#5 C:\Bitnami\CursoLaravel\sisreclamosbav3\vendor\laravel\framework\src\Illuminate\Routing\Route.php(190): Illuminate\Routing\Router->{closure}()
#6 C:\Bitnami\CursoLaravel\sisreclamosbav3\vendor\laravel\framework\src\Illuminate\Routing\Route.php(163): Illuminate\Routing\Route->runCallable()
#7 C:\Bitnami\CursoLaravel\sisreclamosbav3\vendor\laravel\framework\src\Illuminate\Routing\Router.php(559): Illuminate\Routing\Route->run()
#8 C:\Bitnami\CursoLaravel\sisreclamosbav3\vendor\laravel\framework\src\Illuminate\Routing\Pipeline.php(30): Illuminate\Routing\Router->Illuminate\Routing\{closure}(Object(Illuminate\Http\Request))
#9 C:\Bitnami\CursoLaravel\sisreclamosbav3\vendor\laravel\framework\src\Illuminate\Routing\Middleware\SubstituteBindings.php(41): Illuminate\Routing\Pipeline->Illuminate\Routing\{closure}(Object(Illuminate\Http\Request))
#10 C:\Bitnami\CursoLaravel\sisreclamosbav3\vendor\laravel\framework\src\Illuminate\Pipeline\Pipeline.php(148): Illuminate\Routing\Middleware\SubstituteBindings->handle(Object(Illuminate\Http\Request), Object(Closure))
#11 C:\Bitnami\CursoLaravel\sisreclamosbav3\vendor\laravel\framework\src\Illuminate\Routing\Pipeline.php(53): Illuminate\Pipeline\Pipeline->Illuminate\Pipeline\{closure}(Object(Illuminate\Http\Request))
#12 C:\Bitnami\CursoLaravel\sisreclamosbav3\vendor\laravel\framework\src\Illuminate\Foundation\Http\Middleware\VerifyCsrfToken.php(65): Illuminate\Routing\Pipeline->Illuminate\Routing\{closure}(Object(Illuminate\Http\Request))
#13 C:\Bitnami\CursoLaravel\sisreclamosbav3\vendor\laravel\framework\src\Illuminate\Pipeline\Pipeline.php(148): Illuminate\Foundation\Http\Middleware\VerifyCsrfToken->handle(Object(Illuminate\Http\Request), Object(Closure))
#14 C:\Bitnami\CursoLaravel\sisreclamosbav3\vendor\laravel\framework\src\Illuminate\Routing\Pipeline.php(53): Illuminate\Pipeline\Pipeline->Illuminate\Pipeline\{closure}(Object(Illuminate\Http\Request))
#15 C:\Bitnami\CursoLaravel\sisreclamosbav3\vendor\laravel\framework\src\Illuminate\View\Middleware\ShareErrorsFromSession.php(49): Illuminate\Routing\Pipeline->Illuminate\Routing\{closure}(Object(Illuminate\Http\Request))
#16 C:\Bitnami\CursoLaravel\sisreclamosbav3\vendor\laravel\framework\src\Illuminate\Pipeline\Pipeline.php(148): Illuminate\View\Middleware\ShareErrorsFromSession->handle(Object(Illuminate\Http\Request), Object(Closure))
#17 C:\Bitnami\CursoLaravel\sisreclamosbav3\vendor\laravel\framework\src\Illuminate\Routing\Pipeline.php(53): Illuminate\Pipeline\Pipeline->Illuminate\Pipeline\{closure}(Object(Illuminate\Http\Request))
#18 C:\Bitnami\CursoLaravel\sisreclamosbav3\vendor\laravel\framework\src\Illuminate\Session\Middleware\StartSession.php(64): Illuminate\Routing\Pipeline->Illuminate\Routing\{closure}(Object(Illuminate\Http\Request))
#19 C:\Bitnami\CursoLaravel\sisreclamosbav3\vendor\laravel\framework\src\Illuminate\Pipeline\Pipeline.php(148): Illuminate\Session\Middleware\StartSession->handle(Object(Illuminate\Http\Request), Object(Closure))
#20 C:\Bitnami\CursoLaravel\sisreclamosbav3\vendor\laravel\framework\src\Illuminate\Routing\Pipeline.php(53): Illuminate\Pipeline\Pipeline->Illuminate\Pipeline\{closure}(Object(Illuminate\Http\Request))
#21 C:\Bitnami\CursoLaravel\sisreclamosbav3\vendor\laravel\framework\src\Illuminate\Cookie\Middleware\AddQueuedCookiesToResponse.php(37): Illuminate\Routing\Pipeline->Illuminate\Routing\{closure}(Object(Illuminate\Http\Request))
#22 C:\Bitnami\CursoLaravel\sisreclamosbav3\vendor\laravel\framework\src\Illuminate\Pipeline\Pipeline.php(148): Illuminate\Cookie\Middleware\AddQueuedCookiesToResponse->handle(Object(Illuminate\Http\Request), Object(Closure))
#23 C:\Bitnami\CursoLaravel\sisreclamosbav3\vendor\laravel\framework\src\Illuminate\Routing\Pipeline.php(53): Illuminate\Pipeline\Pipeline->Illuminate\Pipeline\{closure}(Object(Illuminate\Http\Request))
#24 C:\Bitnami\CursoLaravel\sisreclamosbav3\vendor\laravel\framework\src\Illuminate\Cookie\Middleware\EncryptCookies.php(59): Illuminate\Routing\Pipeline->Illuminate\Routing\{closure}(Object(Illuminate\Http\Request))
#25 C:\Bitnami\CursoLaravel\sisreclamosbav3\vendor\laravel\framework\src\Illuminate\Pipeline\Pipeline.php(148): Illuminate\Cookie\Middleware\EncryptCookies->handle(Object(Illuminate\Http\Request), Object(Closure))
#26 C:\Bitnami\CursoLaravel\sisreclamosbav3\vendor\laravel\framework\src\Illuminate\Routing\Pipeline.php(53): Illuminate\Pipeline\Pipeline->Illuminate\Pipeline\{closure}(Object(Illuminate\Http\Request))
#27 C:\Bitnami\CursoLaravel\sisreclamosbav3\vendor\laravel\framework\src\Illuminate\Pipeline\Pipeline.php(102): Illuminate\Routing\Pipeline->Illuminate\Routing\{closure}(Object(Illuminate\Http\Request))
#28 C:\Bitnami\CursoLaravel\sisreclamosbav3\vendor\laravel\framework\src\Illuminate\Routing\Router.php(561): Illuminate\Pipeline\Pipeline->then(Object(Closure))
#29 C:\Bitnami\CursoLaravel\sisreclamosbav3\vendor\laravel\framework\src\Illuminate\Routing\Router.php(520): Illuminate\Routing\Router->runRouteWithinStack(Object(Illuminate\Routing\Route), Object(Illuminate\Http\Request))
#30 C:\Bitnami\CursoLaravel\sisreclamosbav3\vendor\laravel\framework\src\Illuminate\Routing\Router.php(498): Illuminate\Routing\Router->dispatchToRoute(Object(Illuminate\Http\Request))
#31 C:\Bitnami\CursoLaravel\sisreclamosbav3\vendor\laravel\framework\src\Illuminate\Foundation\Http\Kernel.php(174): Illuminate\Routing\Router->dispatch(Object(Illuminate\Http\Request))
#32 C:\Bitnami\CursoLaravel\sisreclamosbav3\vendor\laravel\framework\src\Illuminate\Routing\Pipeline.php(30): Illuminate\Foundation\Http\Kernel->Illuminate\Foundation\Http\{closure}(Object(Illuminate\Http\Request))
#33 C:\Bitnami\CursoLaravel\sisreclamosbav3\vendor\laravel\framework\src\Illuminate\Foundation\Http\Middleware\TransformsRequest.php(30): Illuminate\Routing\Pipeline->Illuminate\Routing\{closure}(Object(Illuminate\Http\Request))
#34 C:\Bitnami\CursoLaravel\sisreclamosbav3\vendor\laravel\framework\src\Illuminate\Pipeline\Pipeline.php(148): Illuminate\Foundation\Http\Middleware\TransformsRequest->handle(Object(Illuminate\Http\Request), Object(Closure))
#35 C:\Bitnami\CursoLaravel\sisreclamosbav3\vendor\laravel\framework\src\Illuminate\Routing\Pipeline.php(53): Illuminate\Pipeline\Pipeline->Illuminate\Pipeline\{closure}(Object(Illuminate\Http\Request))
#36 C:\Bitnami\CursoLaravel\sisreclamosbav3\vendor\laravel\framework\src\Illuminate\Foundation\Http\Middleware\TransformsRequest.php(30): Illuminate\Routing\Pipeline->Illuminate\Routing\{closure}(Object(Illuminate\Http\Request))
#37 C:\Bitnami\CursoLaravel\sisreclamosbav3\vendor\laravel\framework\src\Illuminate\Pipeline\Pipeline.php(148): Illuminate\Foundation\Http\Middleware\TransformsRequest->handle(Object(Illuminate\Http\Request), Object(Closure))
#38 C:\Bitnami\CursoLaravel\sisreclamosbav3\vendor\laravel\framework\src\Illuminate\Routing\Pipeline.php(53): Illuminate\Pipeline\Pipeline->Illuminate\Pipeline\{closure}(Object(Illuminate\Http\Request))
#39 C:\Bitnami\CursoLaravel\sisreclamosbav3\vendor\laravel\framework\src\Illuminate\Foundation\Http\Middleware\ValidatePostSize.php(27): Illuminate\Routing\Pipeline->Illuminate\Routing\{closure}(Object(Illuminate\Http\Request))
#40 C:\Bitnami\CursoLaravel\sisreclamosbav3\vendor\laravel\framework\src\Illuminate\Pipeline\Pipeline.php(148): Illuminate\Foundation\Http\Middleware\ValidatePostSize->handle(Object(Illuminate\Http\Request), Object(Closure))
#41 C:\Bitnami\CursoLaravel\sisreclamosbav3\vendor\laravel\framework\src\Illuminate\Routing\Pipeline.php(53): Illuminate\Pipeline\Pipeline->Illuminate\Pipeline\{closure}(Object(Illuminate\Http\Request))
#42 C:\Bitnami\CursoLaravel\sisreclamosbav3\vendor\laravel\framework\src\Illuminate\Foundation\Http\Middleware\CheckForMaintenanceMode.php(46): Illuminate\Routing\Pipeline->Illuminate\Routing\{closure}(Object(Illuminate\Http\Request))
#43 C:\Bitnami\CursoLaravel\sisreclamosbav3\vendor\laravel\framework\src\Illuminate\Pipeline\Pipeline.php(148): Illuminate\Foundation\Http\Middleware\CheckForMaintenanceMode->handle(Object(Illuminate\Http\Request), Object(Closure))
#44 C:\Bitnami\CursoLaravel\sisreclamosbav3\vendor\laravel\framework\src\Illuminate\Routing\Pipeline.php(53): Illuminate\Pipeline\Pipeline->Illuminate\Pipeline\{closure}(Object(Illuminate\Http\Request))
#45 C:\Bitnami\CursoLaravel\sisreclamosbav3\vendor\laravel\framework\src\Illuminate\Pipeline\Pipeline.php(102): Illuminate\Routing\Pipeline->Illuminate\Routing\{closure}(Object(Illuminate\Http\Request))
#46 C:\Bitnami\CursoLaravel\sisreclamosbav3\vendor\laravel\framework\src\Illuminate\Foundation\Http\Kernel.php(149): Illuminate\Pipeline\Pipeline->then(Object(Closure))
#47 C:\Bitnami\CursoLaravel\sisreclamosbav3\vendor\laravel\framework\src\Illuminate\Foundation\Http\Kernel.php(116): Illuminate\Foundation\Http\Kernel->sendRequestThroughRouter(Object(Illuminate\Http\Request))
#48 C:\Bitnami\CursoLaravel\sisreclamosbav3\public\index.php(54): Illuminate\Foundation\Http\Kernel->handle(Object(Illuminate\Http\Request))
#49 C:\Bitnami\CursoLaravel\sisreclamosbav3\server.php(21): require_once('C:\\Bitnami\\Curs...')
#50 {main}  
[2017-09-04 00:26:46] local.ERROR: exception 'InvalidArgumentException' with message 'View [pages.about] not found.' in C:\Bitnami\CursoLaravel\sisreclamosbav3\vendor\laravel\framework\src\Illuminate\View\FileViewFinder.php:137
Stack trace:
#0 C:\Bitnami\CursoLaravel\sisreclamosbav3\vendor\laravel\framework\src\Illuminate\View\FileViewFinder.php(79): Illuminate\View\FileViewFinder->findInPaths('pages.about', Array)
#1 C:\Bitnami\CursoLaravel\sisreclamosbav3\vendor\laravel\framework\src\Illuminate\View\Factory.php(129): Illuminate\View\FileViewFinder->find('pages.about')
#2 C:\Bitnami\CursoLaravel\sisreclamosbav3\vendor\laravel\framework\src\Illuminate\Support\Facades\Facade.php(221): Illuminate\View\Factory->make('pages.about')
#3 C:\Bitnami\CursoLaravel\sisreclamosbav3\routes\web.php(24): Illuminate\Support\Facades\Facade::__callStatic('make', Array)
#4 C:\Bitnami\CursoLaravel\sisreclamosbav3\routes\web.php(24): Illuminate\Support\Facades\View::make('pages.about')
#5 C:\Bitnami\CursoLaravel\sisreclamosbav3\vendor\laravel\framework\src\Illuminate\Routing\Route.php(190): Illuminate\Routing\Router->{closure}()
#6 C:\Bitnami\CursoLaravel\sisreclamosbav3\vendor\laravel\framework\src\Illuminate\Routing\Route.php(163): Illuminate\Routing\Route->runCallable()
#7 C:\Bitnami\CursoLaravel\sisreclamosbav3\vendor\laravel\framework\src\Illuminate\Routing\Router.php(559): Illuminate\Routing\Route->run()
#8 C:\Bitnami\CursoLaravel\sisreclamosbav3\vendor\laravel\framework\src\Illuminate\Routing\Pipeline.php(30): Illuminate\Routing\Router->Illuminate\Routing\{closure}(Object(Illuminate\Http\Request))
#9 C:\Bitnami\CursoLaravel\sisreclamosbav3\vendor\laravel\framework\src\Illuminate\Routing\Middleware\SubstituteBindings.php(41): Illuminate\Routing\Pipeline->Illuminate\Routing\{closure}(Object(Illuminate\Http\Request))
#10 C:\Bitnami\CursoLaravel\sisreclamosbav3\vendor\laravel\framework\src\Illuminate\Pipeline\Pipeline.php(148): Illuminate\Routing\Middleware\SubstituteBindings->handle(Object(Illuminate\Http\Request), Object(Closure))
#11 C:\Bitnami\CursoLaravel\sisreclamosbav3\vendor\laravel\framework\src\Illuminate\Routing\Pipeline.php(53): Illuminate\Pipeline\Pipeline->Illuminate\Pipeline\{closure}(Object(Illuminate\Http\Request))
#12 C:\Bitnami\CursoLaravel\sisreclamosbav3\vendor\laravel\framework\src\Illuminate\Foundation\Http\Middleware\VerifyCsrfToken.php(65): Illuminate\Routing\Pipeline->Illuminate\Routing\{closure}(Object(Illuminate\Http\Request))
#13 C:\Bitnami\CursoLaravel\sisreclamosbav3\vendor\laravel\framework\src\Illuminate\Pipeline\Pipeline.php(148): Illuminate\Foundation\Http\Middleware\VerifyCsrfToken->handle(Object(Illuminate\Http\Request), Object(Closure))
#14 C:\Bitnami\CursoLaravel\sisreclamosbav3\vendor\laravel\framework\src\Illuminate\Routing\Pipeline.php(53): Illuminate\Pipeline\Pipeline->Illuminate\Pipeline\{closure}(Object(Illuminate\Http\Request))
#15 C:\Bitnami\CursoLaravel\sisreclamosbav3\vendor\laravel\framework\src\Illuminate\View\Middleware\ShareErrorsFromSession.php(49): Illuminate\Routing\Pipeline->Illuminate\Routing\{closure}(Object(Illuminate\Http\Request))
#16 C:\Bitnami\CursoLaravel\sisreclamosbav3\vendor\laravel\framework\src\Illuminate\Pipeline\Pipeline.php(148): Illuminate\View\Middleware\ShareErrorsFromSession->handle(Object(Illuminate\Http\Request), Object(Closure))
#17 C:\Bitnami\CursoLaravel\sisreclamosbav3\vendor\laravel\framework\src\Illuminate\Routing\Pipeline.php(53): Illuminate\Pipeline\Pipeline->Illuminate\Pipeline\{closure}(Object(Illuminate\Http\Request))
#18 C:\Bitnami\CursoLaravel\sisreclamosbav3\vendor\laravel\framework\src\Illuminate\Session\Middleware\StartSession.php(64): Illuminate\Routing\Pipeline->Illuminate\Routing\{closure}(Object(Illuminate\Http\Request))
#19 C:\Bitnami\CursoLaravel\sisreclamosbav3\vendor\laravel\framework\src\Illuminate\Pipeline\Pipeline.php(148): Illuminate\Session\Middleware\StartSession->handle(Object(Illuminate\Http\Request), Object(Closure))
#20 C:\Bitnami\CursoLaravel\sisreclamosbav3\vendor\laravel\framework\src\Illuminate\Routing\Pipeline.php(53): Illuminate\Pipeline\Pipeline->Illuminate\Pipeline\{closure}(Object(Illuminate\Http\Request))
#21 C:\Bitnami\CursoLaravel\sisreclamosbav3\vendor\laravel\framework\src\Illuminate\Cookie\Middleware\AddQueuedCookiesToResponse.php(37): Illuminate\Routing\Pipeline->Illuminate\Routing\{closure}(Object(Illuminate\Http\Request))
#22 C:\Bitnami\CursoLaravel\sisreclamosbav3\vendor\laravel\framework\src\Illuminate\Pipeline\Pipeline.php(148): Illuminate\Cookie\Middleware\AddQueuedCookiesToResponse->handle(Object(Illuminate\Http\Request), Object(Closure))
#23 C:\Bitnami\CursoLaravel\sisreclamosbav3\vendor\laravel\framework\src\Illuminate\Routing\Pipeline.php(53): Illuminate\Pipeline\Pipeline->Illuminate\Pipeline\{closure}(Object(Illuminate\Http\Request))
#24 C:\Bitnami\CursoLaravel\sisreclamosbav3\vendor\laravel\framework\src\Illuminate\Cookie\Middleware\EncryptCookies.php(59): Illuminate\Routing\Pipeline->Illuminate\Routing\{closure}(Object(Illuminate\Http\Request))
#25 C:\Bitnami\CursoLaravel\sisreclamosbav3\vendor\laravel\framework\src\Illuminate\Pipeline\Pipeline.php(148): Illuminate\Cookie\Middleware\EncryptCookies->handle(Object(Illuminate\Http\Request), Object(Closure))
#26 C:\Bitnami\CursoLaravel\sisreclamosbav3\vendor\laravel\framework\src\Illuminate\Routing\Pipeline.php(53): Illuminate\Pipeline\Pipeline->Illuminate\Pipeline\{closure}(Object(Illuminate\Http\Request))
#27 C:\Bitnami\CursoLaravel\sisreclamosbav3\vendor\laravel\framework\src\Illuminate\Pipeline\Pipeline.php(102): Illuminate\Routing\Pipeline->Illuminate\Routing\{closure}(Object(Illuminate\Http\Request))
#28 C:\Bitnami\CursoLaravel\sisreclamosbav3\vendor\laravel\framework\src\Illuminate\Routing\Router.php(561): Illuminate\Pipeline\Pipeline->then(Object(Closure))
#29 C:\Bitnami\CursoLaravel\sisreclamosbav3\vendor\laravel\framework\src\Illuminate\Routing\Router.php(520): Illuminate\Routing\Router->runRouteWithinStack(Object(Illuminate\Routing\Route), Object(Illuminate\Http\Request))
#30 C:\Bitnami\CursoLaravel\sisreclamosbav3\vendor\laravel\framework\src\Illuminate\Routing\Router.php(498): Illuminate\Routing\Router->dispatchToRoute(Object(Illuminate\Http\Request))
#31 C:\Bitnami\CursoLaravel\sisreclamosbav3\vendor\laravel\framework\src\Illuminate\Foundation\Http\Kernel.php(174): Illuminate\Routing\Router->dispatch(Object(Illuminate\Http\Request))
#32 C:\Bitnami\CursoLaravel\sisreclamosbav3\vendor\laravel\framework\src\Illuminate\Routing\Pipeline.php(30): Illuminate\Foundation\Http\Kernel->Illuminate\Foundation\Http\{closure}(Object(Illuminate\Http\Request))
#33 C:\Bitnami\CursoLaravel\sisreclamosbav3\vendor\laravel\framework\src\Illuminate\Foundation\Http\Middleware\TransformsRequest.php(30): Illuminate\Routing\Pipeline->Illuminate\Routing\{closure}(Object(Illuminate\Http\Request))
#34 C:\Bitnami\CursoLaravel\sisreclamosbav3\vendor\laravel\framework\src\Illuminate\Pipeline\Pipeline.php(148): Illuminate\Foundation\Http\Middleware\TransformsRequest->handle(Object(Illuminate\Http\Request), Object(Closure))
#35 C:\Bitnami\CursoLaravel\sisreclamosbav3\vendor\laravel\framework\src\Illuminate\Routing\Pipeline.php(53): Illuminate\Pipeline\Pipeline->Illuminate\Pipeline\{closure}(Object(Illuminate\Http\Request))
#36 C:\Bitnami\CursoLaravel\sisreclamosbav3\vendor\laravel\framework\src\Illuminate\Foundation\Http\Middleware\TransformsRequest.php(30): Illuminate\Routing\Pipeline->Illuminate\Routing\{closure}(Object(Illuminate\Http\Request))
#37 C:\Bitnami\CursoLaravel\sisreclamosbav3\vendor\laravel\framework\src\Illuminate\Pipeline\Pipeline.php(148): Illuminate\Foundation\Http\Middleware\TransformsRequest->handle(Object(Illuminate\Http\Request), Object(Closure))
#38 C:\Bitnami\CursoLaravel\sisreclamosbav3\vendor\laravel\framework\src\Illuminate\Routing\Pipeline.php(53): Illuminate\Pipeline\Pipeline->Illuminate\Pipeline\{closure}(Object(Illuminate\Http\Request))
#39 C:\Bitnami\CursoLaravel\sisreclamosbav3\vendor\laravel\framework\src\Illuminate\Foundation\Http\Middleware\ValidatePostSize.php(27): Illuminate\Routing\Pipeline->Illuminate\Routing\{closure}(Object(Illuminate\Http\Request))
#40 C:\Bitnami\CursoLaravel\sisreclamosbav3\vendor\laravel\framework\src\Illuminate\Pipeline\Pipeline.php(148): Illuminate\Foundation\Http\Middleware\ValidatePostSize->handle(Object(Illuminate\Http\Request), Object(Closure))
#41 C:\Bitnami\CursoLaravel\sisreclamosbav3\vendor\laravel\framework\src\Illuminate\Routing\Pipeline.php(53): Illuminate\Pipeline\Pipeline->Illuminate\Pipeline\{closure}(Object(Illuminate\Http\Request))
#42 C:\Bitnami\CursoLaravel\sisreclamosbav3\vendor\laravel\framework\src\Illuminate\Foundation\Http\Middleware\CheckForMaintenanceMode.php(46): Illuminate\Routing\Pipeline->Illuminate\Routing\{closure}(Object(Illuminate\Http\Request))
#43 C:\Bitnami\CursoLaravel\sisreclamosbav3\vendor\laravel\framework\src\Illuminate\Pipeline\Pipeline.php(148): Illuminate\Foundation\Http\Middleware\CheckForMaintenanceMode->handle(Object(Illuminate\Http\Request), Object(Closure))
#44 C:\Bitnami\CursoLaravel\sisreclamosbav3\vendor\laravel\framework\src\Illuminate\Routing\Pipeline.php(53): Illuminate\Pipeline\Pipeline->Illuminate\Pipeline\{closure}(Object(Illuminate\Http\Request))
#45 C:\Bitnami\CursoLaravel\sisreclamosbav3\vendor\laravel\framework\src\Illuminate\Pipeline\Pipeline.php(102): Illuminate\Routing\Pipeline->Illuminate\Routing\{closure}(Object(Illuminate\Http\Request))
#46 C:\Bitnami\CursoLaravel\sisreclamosbav3\vendor\laravel\framework\src\Illuminate\Foundation\Http\Kernel.php(149): Illuminate\Pipeline\Pipeline->then(Object(Closure))
#47 C:\Bitnami\CursoLaravel\sisreclamosbav3\vendor\laravel\framework\src\Illuminate\Foundation\Http\Kernel.php(116): Illuminate\Foundation\Http\Kernel->sendRequestThroughRouter(Object(Illuminate\Http\Request))
#48 C:\Bitnami\CursoLaravel\sisreclamosbav3\public\index.php(54): Illuminate\Foundation\Http\Kernel->handle(Object(Illuminate\Http\Request))
#49 C:\Bitnami\CursoLaravel\sisreclamosbav3\server.php(21): require_once('C:\\Bitnami\\Curs...')
#50 {main}  
[2017-09-04 01:07:12] local.ERROR: exception 'InvalidArgumentException' with message 'View [pages.about] not found.' in C:\Bitnami\CursoLaravel\sisreclamosbav3\vendor\laravel\framework\src\Illuminate\View\FileViewFinder.php:137
Stack trace:
#0 C:\Bitnami\CursoLaravel\sisreclamosbav3\vendor\laravel\framework\src\Illuminate\View\FileViewFinder.php(79): Illuminate\View\FileViewFinder->findInPaths('pages.about', Array)
#1 C:\Bitnami\CursoLaravel\sisreclamosbav3\vendor\laravel\framework\src\Illuminate\View\Factory.php(129): Illuminate\View\FileViewFinder->find('pages.about')
#2 C:\Bitnami\CursoLaravel\sisreclamosbav3\vendor\laravel\framework\src\Illuminate\Support\Facades\Facade.php(221): Illuminate\View\Factory->make('pages.about')
#3 C:\Bitnami\CursoLaravel\sisreclamosbav3\routes\web.php(24): Illuminate\Support\Facades\Facade::__callStatic('make', Array)
#4 C:\Bitnami\CursoLaravel\sisreclamosbav3\routes\web.php(24): Illuminate\Support\Facades\View::make('pages.about')
#5 C:\Bitnami\CursoLaravel\sisreclamosbav3\vendor\laravel\framework\src\Illuminate\Routing\Route.php(190): Illuminate\Routing\Router->{closure}()
#6 C:\Bitnami\CursoLaravel\sisreclamosbav3\vendor\laravel\framework\src\Illuminate\Routing\Route.php(163): Illuminate\Routing\Route->runCallable()
#7 C:\Bitnami\CursoLaravel\sisreclamosbav3\vendor\laravel\framework\src\Illuminate\Routing\Router.php(559): Illuminate\Routing\Route->run()
#8 C:\Bitnami\CursoLaravel\sisreclamosbav3\vendor\laravel\framework\src\Illuminate\Routing\Pipeline.php(30): Illuminate\Routing\Router->Illuminate\Routing\{closure}(Object(Illuminate\Http\Request))
#9 C:\Bitnami\CursoLaravel\sisreclamosbav3\vendor\laravel\framework\src\Illuminate\Routing\Middleware\SubstituteBindings.php(41): Illuminate\Routing\Pipeline->Illuminate\Routing\{closure}(Object(Illuminate\Http\Request))
#10 C:\Bitnami\CursoLaravel\sisreclamosbav3\vendor\laravel\framework\src\Illuminate\Pipeline\Pipeline.php(148): Illuminate\Routing\Middleware\SubstituteBindings->handle(Object(Illuminate\Http\Request), Object(Closure))
#11 C:\Bitnami\CursoLaravel\sisreclamosbav3\vendor\laravel\framework\src\Illuminate\Routing\Pipeline.php(53): Illuminate\Pipeline\Pipeline->Illuminate\Pipeline\{closure}(Object(Illuminate\Http\Request))
#12 C:\Bitnami\CursoLaravel\sisreclamosbav3\vendor\laravel\framework\src\Illuminate\Foundation\Http\Middleware\VerifyCsrfToken.php(65): Illuminate\Routing\Pipeline->Illuminate\Routing\{closure}(Object(Illuminate\Http\Request))
#13 C:\Bitnami\CursoLaravel\sisreclamosbav3\vendor\laravel\framework\src\Illuminate\Pipeline\Pipeline.php(148): Illuminate\Foundation\Http\Middleware\VerifyCsrfToken->handle(Object(Illuminate\Http\Request), Object(Closure))
#14 C:\Bitnami\CursoLaravel\sisreclamosbav3\vendor\laravel\framework\src\Illuminate\Routing\Pipeline.php(53): Illuminate\Pipeline\Pipeline->Illuminate\Pipeline\{closure}(Object(Illuminate\Http\Request))
#15 C:\Bitnami\CursoLaravel\sisreclamosbav3\vendor\laravel\framework\src\Illuminate\View\Middleware\ShareErrorsFromSession.php(49): Illuminate\Routing\Pipeline->Illuminate\Routing\{closure}(Object(Illuminate\Http\Request))
#16 C:\Bitnami\CursoLaravel\sisreclamosbav3\vendor\laravel\framework\src\Illuminate\Pipeline\Pipeline.php(148): Illuminate\View\Middleware\ShareErrorsFromSession->handle(Object(Illuminate\Http\Request), Object(Closure))
#17 C:\Bitnami\CursoLaravel\sisreclamosbav3\vendor\laravel\framework\src\Illuminate\Routing\Pipeline.php(53): Illuminate\Pipeline\Pipeline->Illuminate\Pipeline\{closure}(Object(Illuminate\Http\Request))
#18 C:\Bitnami\CursoLaravel\sisreclamosbav3\vendor\laravel\framework\src\Illuminate\Session\Middleware\StartSession.php(64): Illuminate\Routing\Pipeline->Illuminate\Routing\{closure}(Object(Illuminate\Http\Request))
#19 C:\Bitnami\CursoLaravel\sisreclamosbav3\vendor\laravel\framework\src\Illuminate\Pipeline\Pipeline.php(148): Illuminate\Session\Middleware\StartSession->handle(Object(Illuminate\Http\Request), Object(Closure))
#20 C:\Bitnami\CursoLaravel\sisreclamosbav3\vendor\laravel\framework\src\Illuminate\Routing\Pipeline.php(53): Illuminate\Pipeline\Pipeline->Illuminate\Pipeline\{closure}(Object(Illuminate\Http\Request))
#21 C:\Bitnami\CursoLaravel\sisreclamosbav3\vendor\laravel\framework\src\Illuminate\Cookie\Middleware\AddQueuedCookiesToResponse.php(37): Illuminate\Routing\Pipeline->Illuminate\Routing\{closure}(Object(Illuminate\Http\Request))
#22 C:\Bitnami\CursoLaravel\sisreclamosbav3\vendor\laravel\framework\src\Illuminate\Pipeline\Pipeline.php(148): Illuminate\Cookie\Middleware\AddQueuedCookiesToResponse->handle(Object(Illuminate\Http\Request), Object(Closure))
#23 C:\Bitnami\CursoLaravel\sisreclamosbav3\vendor\laravel\framework\src\Illuminate\Routing\Pipeline.php(53): Illuminate\Pipeline\Pipeline->Illuminate\Pipeline\{closure}(Object(Illuminate\Http\Request))
#24 C:\Bitnami\CursoLaravel\sisreclamosbav3\vendor\laravel\framework\src\Illuminate\Cookie\Middleware\EncryptCookies.php(59): Illuminate\Routing\Pipeline->Illuminate\Routing\{closure}(Object(Illuminate\Http\Request))
#25 C:\Bitnami\CursoLaravel\sisreclamosbav3\vendor\laravel\framework\src\Illuminate\Pipeline\Pipeline.php(148): Illuminate\Cookie\Middleware\EncryptCookies->handle(Object(Illuminate\Http\Request), Object(Closure))
#26 C:\Bitnami\CursoLaravel\sisreclamosbav3\vendor\laravel\framework\src\Illuminate\Routing\Pipeline.php(53): Illuminate\Pipeline\Pipeline->Illuminate\Pipeline\{closure}(Object(Illuminate\Http\Request))
#27 C:\Bitnami\CursoLaravel\sisreclamosbav3\vendor\laravel\framework\src\Illuminate\Pipeline\Pipeline.php(102): Illuminate\Routing\Pipeline->Illuminate\Routing\{closure}(Object(Illuminate\Http\Request))
#28 C:\Bitnami\CursoLaravel\sisreclamosbav3\vendor\laravel\framework\src\Illuminate\Routing\Router.php(561): Illuminate\Pipeline\Pipeline->then(Object(Closure))
#29 C:\Bitnami\CursoLaravel\sisreclamosbav3\vendor\laravel\framework\src\Illuminate\Routing\Router.php(520): Illuminate\Routing\Router->runRouteWithinStack(Object(Illuminate\Routing\Route), Object(Illuminate\Http\Request))
#30 C:\Bitnami\CursoLaravel\sisreclamosbav3\vendor\laravel\framework\src\Illuminate\Routing\Router.php(498): Illuminate\Routing\Router->dispatchToRoute(Object(Illuminate\Http\Request))
#31 C:\Bitnami\CursoLaravel\sisreclamosbav3\vendor\laravel\framework\src\Illuminate\Foundation\Http\Kernel.php(174): Illuminate\Routing\Router->dispatch(Object(Illuminate\Http\Request))
#32 C:\Bitnami\CursoLaravel\sisreclamosbav3\vendor\laravel\framework\src\Illuminate\Routing\Pipeline.php(30): Illuminate\Foundation\Http\Kernel->Illuminate\Foundation\Http\{closure}(Object(Illuminate\Http\Request))
#33 C:\Bitnami\CursoLaravel\sisreclamosbav3\vendor\laravel\framework\src\Illuminate\Foundation\Http\Middleware\TransformsRequest.php(30): Illuminate\Routing\Pipeline->Illuminate\Routing\{closure}(Object(Illuminate\Http\Request))
#34 C:\Bitnami\CursoLaravel\sisreclamosbav3\vendor\laravel\framework\src\Illuminate\Pipeline\Pipeline.php(148): Illuminate\Foundation\Http\Middleware\TransformsRequest->handle(Object(Illuminate\Http\Request), Object(Closure))
#35 C:\Bitnami\CursoLaravel\sisreclamosbav3\vendor\laravel\framework\src\Illuminate\Routing\Pipeline.php(53): Illuminate\Pipeline\Pipeline->Illuminate\Pipeline\{closure}(Object(Illuminate\Http\Request))
#36 C:\Bitnami\CursoLaravel\sisreclamosbav3\vendor\laravel\framework\src\Illuminate\Foundation\Http\Middleware\TransformsRequest.php(30): Illuminate\Routing\Pipeline->Illuminate\Routing\{closure}(Object(Illuminate\Http\Request))
#37 C:\Bitnami\CursoLaravel\sisreclamosbav3\vendor\laravel\framework\src\Illuminate\Pipeline\Pipeline.php(148): Illuminate\Foundation\Http\Middleware\TransformsRequest->handle(Object(Illuminate\Http\Request), Object(Closure))
#38 C:\Bitnami\CursoLaravel\sisreclamosbav3\vendor\laravel\framework\src\Illuminate\Routing\Pipeline.php(53): Illuminate\Pipeline\Pipeline->Illuminate\Pipeline\{closure}(Object(Illuminate\Http\Request))
#39 C:\Bitnami\CursoLaravel\sisreclamosbav3\vendor\laravel\framework\src\Illuminate\Foundation\Http\Middleware\ValidatePostSize.php(27): Illuminate\Routing\Pipeline->Illuminate\Routing\{closure}(Object(Illuminate\Http\Request))
#40 C:\Bitnami\CursoLaravel\sisreclamosbav3\vendor\laravel\framework\src\Illuminate\Pipeline\Pipeline.php(148): Illuminate\Foundation\Http\Middleware\ValidatePostSize->handle(Object(Illuminate\Http\Request), Object(Closure))
#41 C:\Bitnami\CursoLaravel\sisreclamosbav3\vendor\laravel\framework\src\Illuminate\Routing\Pipeline.php(53): Illuminate\Pipeline\Pipeline->Illuminate\Pipeline\{closure}(Object(Illuminate\Http\Request))
#42 C:\Bitnami\CursoLaravel\sisreclamosbav3\vendor\laravel\framework\src\Illuminate\Foundation\Http\Middleware\CheckForMaintenanceMode.php(46): Illuminate\Routing\Pipeline->Illuminate\Routing\{closure}(Object(Illuminate\Http\Request))
#43 C:\Bitnami\CursoLaravel\sisreclamosbav3\vendor\laravel\framework\src\Illuminate\Pipeline\Pipeline.php(148): Illuminate\Foundation\Http\Middleware\CheckForMaintenanceMode->handle(Object(Illuminate\Http\Request), Object(Closure))
#44 C:\Bitnami\CursoLaravel\sisreclamosbav3\vendor\laravel\framework\src\Illuminate\Routing\Pipeline.php(53): Illuminate\Pipeline\Pipeline->Illuminate\Pipeline\{closure}(Object(Illuminate\Http\Request))
#45 C:\Bitnami\CursoLaravel\sisreclamosbav3\vendor\laravel\framework\src\Illuminate\Pipeline\Pipeline.php(102): Illuminate\Routing\Pipeline->Illuminate\Routing\{closure}(Object(Illuminate\Http\Request))
#46 C:\Bitnami\CursoLaravel\sisreclamosbav3\vendor\laravel\framework\src\Illuminate\Foundation\Http\Kernel.php(149): Illuminate\Pipeline\Pipeline->then(Object(Closure))
#47 C:\Bitnami\CursoLaravel\sisreclamosbav3\vendor\laravel\framework\src\Illuminate\Foundation\Http\Kernel.php(116): Illuminate\Foundation\Http\Kernel->sendRequestThroughRouter(Object(Illuminate\Http\Request))
#48 C:\Bitnami\CursoLaravel\sisreclamosbav3\public\index.php(54): Illuminate\Foundation\Http\Kernel->handle(Object(Illuminate\Http\Request))
#49 C:\Bitnami\CursoLaravel\sisreclamosbav3\server.php(21): require_once('C:\\Bitnami\\Curs...')
#50 {main}  
[2017-09-05 18:21:25] production.ERROR: RuntimeException: The only supported ciphers are AES-128-CBC and AES-256-CBC with the correct key lengths. in /home/gpalacios/Escritorio/videotutoriales/CursoLaravel/sisreclamosbav3/vendor/laravel/framework/src/Illuminate/Encryption/Encrypter.php:43
Stack trace:
#0 /home/gpalacios/Escritorio/videotutoriales/CursoLaravel/sisreclamosbav3/vendor/laravel/framework/src/Illuminate/Encryption/EncryptionServiceProvider.php(27): Illuminate\Encryption\Encrypter->__construct('', 'AES-256-CBC')
#1 /home/gpalacios/Escritorio/videotutoriales/CursoLaravel/sisreclamosbav3/vendor/laravel/framework/src/Illuminate/Container/Container.php(718): Illuminate\Encryption\EncryptionServiceProvider->Illuminate\Encryption\{closure}(Object(Illuminate\Foundation\Application), Array)
#2 /home/gpalacios/Escritorio/videotutoriales/CursoLaravel/sisreclamosbav3/vendor/laravel/framework/src/Illuminate/Container/Container.php(600): Illuminate\Container\Container->build(Object(Closure))
#3 /home/gpalacios/Escritorio/videotutoriales/CursoLaravel/sisreclamosbav3/vendor/laravel/framework/src/Illuminate/Container/Container.php(567): Illuminate\Container\Container->resolve('encrypter')
#4 /home/gpalacios/Escritorio/videotutoriales/CursoLaravel/sisreclamosbav3/vendor/laravel/framework/src/Illuminate/Foundation/Application.php(708): Illuminate\Container\Container->make('encrypter')
#5 /home/gpalacios/Escritorio/videotutoriales/CursoLaravel/sisreclamosbav3/vendor/laravel/framework/src/Illuminate/Container/Container.php(854): Illuminate\Foundation\Application->make('encrypter')
#6 /home/gpalacios/Escritorio/videotutoriales/CursoLaravel/sisreclamosbav3/vendor/laravel/framework/src/Illuminate/Container/Container.php(782): Illuminate\Container\Container->resolveClass(Object(ReflectionParameter))
#7 /home/gpalacios/Escritorio/videotutoriales/CursoLaravel/sisreclamosbav3/vendor/laravel/framework/src/Illuminate/Container/Container.php(749): Illuminate\Container\Container->resolveDependencies(Array)
#8 /home/gpalacios/Escritorio/videotutoriales/CursoLaravel/sisreclamosbav3/vendor/laravel/framework/src/Illuminate/Container/Container.php(600): Illuminate\Container\Container->build('App\\Http\\Middle...')
#9 /home/gpalacios/Escritorio/videotutoriales/CursoLaravel/sisreclamosbav3/vendor/laravel/framework/src/Illuminate/Container/Container.php(567): Illuminate\Container\Container->resolve('App\\Http\\Middle...')
#10 /home/gpalacios/Escritorio/videotutoriales/CursoLaravel/sisreclamosbav3/vendor/laravel/framework/src/Illuminate/Foundation/Application.php(708): Illuminate\Container\Container->make('App\\Http\\Middle...')
#11 /home/gpalacios/Escritorio/videotutoriales/CursoLaravel/sisreclamosbav3/vendor/laravel/framework/src/Illuminate/Pipeline/Pipeline.php(138): Illuminate\Foundation\Application->make('App\\Http\\Middle...')
#12 /home/gpalacios/Escritorio/videotutoriales/CursoLaravel/sisreclamosbav3/vendor/laravel/framework/src/Illuminate/Routing/Pipeline.php(53): Illuminate\Pipeline\Pipeline->Illuminate\Pipeline\{closure}(Object(Illuminate\Http\Request))
#13 /home/gpalacios/Escritorio/videotutoriales/CursoLaravel/sisreclamosbav3/vendor/laravel/framework/src/Illuminate/Pipeline/Pipeline.php(102): Illuminate\Routing\Pipeline->Illuminate\Routing\{closure}(Object(Illuminate\Http\Request))
#14 /home/gpalacios/Escritorio/videotutoriales/CursoLaravel/sisreclamosbav3/vendor/laravel/framework/src/Illuminate/Routing/Router.php(561): Illuminate\Pipeline\Pipeline->then(Object(Closure))
#15 /home/gpalacios/Escritorio/videotutoriales/CursoLaravel/sisreclamosbav3/vendor/laravel/framework/src/Illuminate/Routing/Router.php(520): Illuminate\Routing\Router->runRouteWithinStack(Object(Illuminate\Routing\Route), Object(Illuminate\Http\Request))
#16 /home/gpalacios/Escritorio/videotutoriales/CursoLaravel/sisreclamosbav3/vendor/laravel/framework/src/Illuminate/Routing/Router.php(498): Illuminate\Routing\Router->dispatchToRoute(Object(Illuminate\Http\Request))
#17 /home/gpalacios/Escritorio/videotutoriales/CursoLaravel/sisreclamosbav3/vendor/laravel/framework/src/Illuminate/Foundation/Http/Kernel.php(174): Illuminate\Routing\Router->dispatch(Object(Illuminate\Http\Request))
#18 /home/gpalacios/Escritorio/videotutoriales/CursoLaravel/sisreclamosbav3/vendor/laravel/framework/src/Illuminate/Routing/Pipeline.php(30): Illuminate\Foundation\Http\Kernel->Illuminate\Foundation\Http\{closure}(Object(Illuminate\Http\Request))
#19 /home/gpalacios/Escritorio/videotutoriales/CursoLaravel/sisreclamosbav3/vendor/laravel/framework/src/Illuminate/Foundation/Http/Middleware/TransformsRequest.php(30): Illuminate\Routing\Pipeline->Illuminate\Routing\{closure}(Object(Illuminate\Http\Request))
#20 /home/gpalacios/Escritorio/videotutoriales/CursoLaravel/sisreclamosbav3/vendor/laravel/framework/src/Illuminate/Pipeline/Pipeline.php(148): Illuminate\Foundation\Http\Middleware\TransformsRequest->handle(Object(Illuminate\Http\Request), Object(Closure))
#21 /home/gpalacios/Escritorio/videotutoriales/CursoLaravel/sisreclamosbav3/vendor/laravel/framework/src/Illuminate/Routing/Pipeline.php(53): Illuminate\Pipeline\Pipeline->Illuminate\Pipeline\{closure}(Object(Illuminate\Http\Request))
#22 /home/gpalacios/Escritorio/videotutoriales/CursoLaravel/sisreclamosbav3/vendor/laravel/framework/src/Illuminate/Foundation/Http/Middleware/TransformsRequest.php(30): Illuminate\Routing\Pipeline->Illuminate\Routing\{closure}(Object(Illuminate\Http\Request))
#23 /home/gpalacios/Escritorio/videotutoriales/CursoLaravel/sisreclamosbav3/vendor/laravel/framework/src/Illuminate/Pipeline/Pipeline.php(148): Illuminate\Foundation\Http\Middleware\TransformsRequest->handle(Object(Illuminate\Http\Request), Object(Closure))
#24 /home/gpalacios/Escritorio/videotutoriales/CursoLaravel/sisreclamosbav3/vendor/laravel/framework/src/Illuminate/Routing/Pipeline.php(53): Illuminate\Pipeline\Pipeline->Illuminate\Pipeline\{closure}(Object(Illuminate\Http\Request))
#25 /home/gpalacios/Escritorio/videotutoriales/CursoLaravel/sisreclamosbav3/vendor/laravel/framework/src/Illuminate/Foundation/Http/Middleware/ValidatePostSize.php(27): Illuminate\Routing\Pipeline->Illuminate\Routing\{closure}(Object(Illuminate\Http\Request))
#26 /home/gpalacios/Escritorio/videotutoriales/CursoLaravel/sisreclamosbav3/vendor/laravel/framework/src/Illuminate/Pipeline/Pipeline.php(148): Illuminate\Foundation\Http\Middleware\ValidatePostSize->handle(Object(Illuminate\Http\Request), Object(Closure))
#27 /home/gpalacios/Escritorio/videotutoriales/CursoLaravel/sisreclamosbav3/vendor/laravel/framework/src/Illuminate/Routing/Pipeline.php(53): Illuminate\Pipeline\Pipeline->Illuminate\Pipeline\{closure}(Object(Illuminate\Http\Request))
#28 /home/gpalacios/Escritorio/videotutoriales/CursoLaravel/sisreclamosbav3/vendor/laravel/framework/src/Illuminate/Foundation/Http/Middleware/CheckForMaintenanceMode.php(46): Illuminate\Routing\Pipeline->Illuminate\Routing\{closure}(Object(Illuminate\Http\Request))
#29 /home/gpalacios/Escritorio/videotutoriales/CursoLaravel/sisreclamosbav3/vendor/laravel/framework/src/Illuminate/Pipeline/Pipeline.php(148): Illuminate\Foundation\Http\Middleware\CheckForMaintenanceMode->handle(Object(Illuminate\Http\Request), Object(Closure))
#30 /home/gpalacios/Escritorio/videotutoriales/CursoLaravel/sisreclamosbav3/vendor/laravel/framework/src/Illuminate/Routing/Pipeline.php(53): Illuminate\Pipeline\Pipeline->Illuminate\Pipeline\{closure}(Object(Illuminate\Http\Request))
#31 /home/gpalacios/Escritorio/videotutoriales/CursoLaravel/sisreclamosbav3/vendor/laravel/framework/src/Illuminate/Pipeline/Pipeline.php(102): Illuminate\Routing\Pipeline->Illuminate\Routing\{closure}(Object(Illuminate\Http\Request))
#32 /home/gpalacios/Escritorio/videotutoriales/CursoLaravel/sisreclamosbav3/vendor/laravel/framework/src/Illuminate/Foundation/Http/Kernel.php(149): Illuminate\Pipeline\Pipeline->then(Object(Closure))
#33 /home/gpalacios/Escritorio/videotutoriales/CursoLaravel/sisreclamosbav3/vendor/laravel/framework/src/Illuminate/Foundation/Http/Kernel.php(116): Illuminate\Foundation\Http\Kernel->sendRequestThroughRouter(Object(Illuminate\Http\Request))
#34 /home/gpalacios/Escritorio/videotutoriales/CursoLaravel/sisreclamosbav3/public/index.php(53): Illuminate\Foundation\Http\Kernel->handle(Object(Illuminate\Http\Request))
#35 /home/gpalacios/Escritorio/videotutoriales/CursoLaravel/sisreclamosbav3/server.php(21): require_once('/home/gpalacios...')
#36 {main}  
[2017-09-05 18:21:25] production.ERROR: RuntimeException: The only supported ciphers are AES-128-CBC and AES-256-CBC with the correct key lengths. in /home/gpalacios/Escritorio/videotutoriales/CursoLaravel/sisreclamosbav3/vendor/laravel/framework/src/Illuminate/Encryption/Encrypter.php:43
Stack trace:
#0 /home/gpalacios/Escritorio/videotutoriales/CursoLaravel/sisreclamosbav3/vendor/laravel/framework/src/Illuminate/Encryption/EncryptionServiceProvider.php(27): Illuminate\Encryption\Encrypter->__construct('', 'AES-256-CBC')
#1 /home/gpalacios/Escritorio/videotutoriales/CursoLaravel/sisreclamosbav3/vendor/laravel/framework/src/Illuminate/Container/Container.php(718): Illuminate\Encryption\EncryptionServiceProvider->Illuminate\Encryption\{closure}(Object(Illuminate\Foundation\Application), Array)
#2 /home/gpalacios/Escritorio/videotutoriales/CursoLaravel/sisreclamosbav3/vendor/laravel/framework/src/Illuminate/Container/Container.php(600): Illuminate\Container\Container->build(Object(Closure))
#3 /home/gpalacios/Escritorio/videotutoriales/CursoLaravel/sisreclamosbav3/vendor/laravel/framework/src/Illuminate/Container/Container.php(567): Illuminate\Container\Container->resolve('encrypter')
#4 /home/gpalacios/Escritorio/videotutoriales/CursoLaravel/sisreclamosbav3/vendor/laravel/framework/src/Illuminate/Foundation/Application.php(708): Illuminate\Container\Container->make('encrypter')
#5 /home/gpalacios/Escritorio/videotutoriales/CursoLaravel/sisreclamosbav3/vendor/laravel/framework/src/Illuminate/Container/Container.php(854): Illuminate\Foundation\Application->make('encrypter')
#6 /home/gpalacios/Escritorio/videotutoriales/CursoLaravel/sisreclamosbav3/vendor/laravel/framework/src/Illuminate/Container/Container.php(782): Illuminate\Container\Container->resolveClass(Object(ReflectionParameter))
#7 /home/gpalacios/Escritorio/videotutoriales/CursoLaravel/sisreclamosbav3/vendor/laravel/framework/src/Illuminate/Container/Container.php(749): Illuminate\Container\Container->resolveDependencies(Array)
#8 /home/gpalacios/Escritorio/videotutoriales/CursoLaravel/sisreclamosbav3/vendor/laravel/framework/src/Illuminate/Container/Container.php(600): Illuminate\Container\Container->build('App\\Http\\Middle...')
#9 /home/gpalacios/Escritorio/videotutoriales/CursoLaravel/sisreclamosbav3/vendor/laravel/framework/src/Illuminate/Container/Container.php(567): Illuminate\Container\Container->resolve('App\\Http\\Middle...')
#10 /home/gpalacios/Escritorio/videotutoriales/CursoLaravel/sisreclamosbav3/vendor/laravel/framework/src/Illuminate/Foundation/Application.php(708): Illuminate\Container\Container->make('App\\Http\\Middle...')
#11 /home/gpalacios/Escritorio/videotutoriales/CursoLaravel/sisreclamosbav3/vendor/laravel/framework/src/Illuminate/Foundation/Http/Kernel.php(213): Illuminate\Foundation\Application->make('App\\Http\\Middle...')
#12 /home/gpalacios/Escritorio/videotutoriales/CursoLaravel/sisreclamosbav3/vendor/laravel/framework/src/Illuminate/Foundation/Http/Kernel.php(187): Illuminate\Foundation\Http\Kernel->terminateMiddleware(Object(Illuminate\Http\Request), Object(Illuminate\Http\Response))
#13 /home/gpalacios/Escritorio/videotutoriales/CursoLaravel/sisreclamosbav3/public/index.php(58): Illuminate\Foundation\Http\Kernel->terminate(Object(Illuminate\Http\Request), Object(Illuminate\Http\Response))
#14 /home/gpalacios/Escritorio/videotutoriales/CursoLaravel/sisreclamosbav3/server.php(21): require_once('/home/gpalacios...')
#15 {main}  
[2017-09-05 18:47:12] local.ERROR: InvalidArgumentException: View [pages.about] not found. in /home/gpalacios/Escritorio/videotutoriales/CursoLaravel/sisreclamosbav3/vendor/laravel/framework/src/Illuminate/View/FileViewFinder.php:137
Stack trace:
#0 /home/gpalacios/Escritorio/videotutoriales/CursoLaravel/sisreclamosbav3/vendor/laravel/framework/src/Illuminate/View/FileViewFinder.php(79): Illuminate\View\FileViewFinder->findInPaths('pages.about', Array)
#1 /home/gpalacios/Escritorio/videotutoriales/CursoLaravel/sisreclamosbav3/vendor/laravel/framework/src/Illuminate/View/Factory.php(128): Illuminate\View\FileViewFinder->find('pages.about')
#2 /home/gpalacios/Escritorio/videotutoriales/CursoLaravel/sisreclamosbav3/vendor/laravel/framework/src/Illuminate/Support/Facades/Facade.php(221): Illuminate\View\Factory->make('pages.about')
#3 /home/gpalacios/Escritorio/videotutoriales/CursoLaravel/sisreclamosbav3/routes/web.php(24): Illuminate\Support\Facades\Facade::__callStatic('make', Array)
#4 /home/gpalacios/Escritorio/videotutoriales/CursoLaravel/sisreclamosbav3/vendor/laravel/framework/src/Illuminate/Routing/Route.php(189): Illuminate\Routing\Router->{closure}()
#5 /home/gpalacios/Escritorio/videotutoriales/CursoLaravel/sisreclamosbav3/vendor/laravel/framework/src/Illuminate/Routing/Route.php(163): Illuminate\Routing\Route->runCallable()
#6 /home/gpalacios/Escritorio/videotutoriales/CursoLaravel/sisreclamosbav3/vendor/laravel/framework/src/Illuminate/Routing/Router.php(559): Illuminate\Routing\Route->run()
#7 /home/gpalacios/Escritorio/videotutoriales/CursoLaravel/sisreclamosbav3/vendor/laravel/framework/src/Illuminate/Routing/Pipeline.php(30): Illuminate\Routing\Router->Illuminate\Routing\{closure}(Object(Illuminate\Http\Request))
#8 /home/gpalacios/Escritorio/videotutoriales/CursoLaravel/sisreclamosbav3/vendor/laravel/framework/src/Illuminate/Routing/Middleware/SubstituteBindings.php(41): Illuminate\Routing\Pipeline->Illuminate\Routing\{closure}(Object(Illuminate\Http\Request))
#9 /home/gpalacios/Escritorio/videotutoriales/CursoLaravel/sisreclamosbav3/vendor/laravel/framework/src/Illuminate/Pipeline/Pipeline.php(148): Illuminate\Routing\Middleware\SubstituteBindings->handle(Object(Illuminate\Http\Request), Object(Closure))
#10 /home/gpalacios/Escritorio/videotutoriales/CursoLaravel/sisreclamosbav3/vendor/laravel/framework/src/Illuminate/Routing/Pipeline.php(53): Illuminate\Pipeline\Pipeline->Illuminate\Pipeline\{closure}(Object(Illuminate\Http\Request))
#11 /home/gpalacios/Escritorio/videotutoriales/CursoLaravel/sisreclamosbav3/vendor/laravel/framework/src/Illuminate/Foundation/Http/Middleware/VerifyCsrfToken.php(65): Illuminate\Routing\Pipeline->Illuminate\Routing\{closure}(Object(Illuminate\Http\Request))
#12 /home/gpalacios/Escritorio/videotutoriales/CursoLaravel/sisreclamosbav3/vendor/laravel/framework/src/Illuminate/Pipeline/Pipeline.php(148): Illuminate\Foundation\Http\Middleware\VerifyCsrfToken->handle(Object(Illuminate\Http\Request), Object(Closure))
#13 /home/gpalacios/Escritorio/videotutoriales/CursoLaravel/sisreclamosbav3/vendor/laravel/framework/src/Illuminate/Routing/Pipeline.php(53): Illuminate\Pipeline\Pipeline->Illuminate\Pipeline\{closure}(Object(Illuminate\Http\Request))
#14 /home/gpalacios/Escritorio/videotutoriales/CursoLaravel/sisreclamosbav3/vendor/laravel/framework/src/Illuminate/View/Middleware/ShareErrorsFromSession.php(49): Illuminate\Routing\Pipeline->Illuminate\Routing\{closure}(Object(Illuminate\Http\Request))
#15 /home/gpalacios/Escritorio/videotutoriales/CursoLaravel/sisreclamosbav3/vendor/laravel/framework/src/Illuminate/Pipeline/Pipeline.php(148): Illuminate\View\Middleware\ShareErrorsFromSession->handle(Object(Illuminate\Http\Request), Object(Closure))
#16 /home/gpalacios/Escritorio/videotutoriales/CursoLaravel/sisreclamosbav3/vendor/laravel/framework/src/Illuminate/Routing/Pipeline.php(53): Illuminate\Pipeline\Pipeline->Illuminate\Pipeline\{closure}(Object(Illuminate\Http\Request))
#17 /home/gpalacios/Escritorio/videotutoriales/CursoLaravel/sisreclamosbav3/vendor/laravel/framework/src/Illuminate/Session/Middleware/StartSession.php(64): Illuminate\Routing\Pipeline->Illuminate\Routing\{closure}(Object(Illuminate\Http\Request))
#18 /home/gpalacios/Escritorio/videotutoriales/CursoLaravel/sisreclamosbav3/vendor/laravel/framework/src/Illuminate/Pipeline/Pipeline.php(148): Illuminate\Session\Middleware\StartSession->handle(Object(Illuminate\Http\Request), Object(Closure))
#19 /home/gpalacios/Escritorio/videotutoriales/CursoLaravel/sisreclamosbav3/vendor/laravel/framework/src/Illuminate/Routing/Pipeline.php(53): Illuminate\Pipeline\Pipeline->Illuminate\Pipeline\{closure}(Object(Illuminate\Http\Request))
#20 /home/gpalacios/Escritorio/videotutoriales/CursoLaravel/sisreclamosbav3/vendor/laravel/framework/src/Illuminate/Cookie/Middleware/AddQueuedCookiesToResponse.php(37): Illuminate\Routing\Pipeline->Illuminate\Routing\{closure}(Object(Illuminate\Http\Request))
#21 /home/gpalacios/Escritorio/videotutoriales/CursoLaravel/sisreclamosbav3/vendor/laravel/framework/src/Illuminate/Pipeline/Pipeline.php(148): Illuminate\Cookie\Middleware\AddQueuedCookiesToResponse->handle(Object(Illuminate\Http\Request), Object(Closure))
#22 /home/gpalacios/Escritorio/videotutoriales/CursoLaravel/sisreclamosbav3/vendor/laravel/framework/src/Illuminate/Routing/Pipeline.php(53): Illuminate\Pipeline\Pipeline->Illuminate\Pipeline\{closure}(Object(Illuminate\Http\Request))
#23 /home/gpalacios/Escritorio/videotutoriales/CursoLaravel/sisreclamosbav3/vendor/laravel/framework/src/Illuminate/Cookie/Middleware/EncryptCookies.php(59): Illuminate\Routing\Pipeline->Illuminate\Routing\{closure}(Object(Illuminate\Http\Request))
#24 /home/gpalacios/Escritorio/videotutoriales/CursoLaravel/sisreclamosbav3/vendor/laravel/framework/src/Illuminate/Pipeline/Pipeline.php(148): Illuminate\Cookie\Middleware\EncryptCookies->handle(Object(Illuminate\Http\Request), Object(Closure))
#25 /home/gpalacios/Escritorio/videotutoriales/CursoLaravel/sisreclamosbav3/vendor/laravel/framework/src/Illuminate/Routing/Pipeline.php(53): Illuminate\Pipeline\Pipeline->Illuminate\Pipeline\{closure}(Object(Illuminate\Http\Request))
#26 /home/gpalacios/Escritorio/videotutoriales/CursoLaravel/sisreclamosbav3/vendor/laravel/framework/src/Illuminate/Pipeline/Pipeline.php(102): Illuminate\Routing\Pipeline->Illuminate\Routing\{closure}(Object(Illuminate\Http\Request))
#27 /home/gpalacios/Escritorio/videotutoriales/CursoLaravel/sisreclamosbav3/vendor/laravel/framework/src/Illuminate/Routing/Router.php(561): Illuminate\Pipeline\Pipeline->then(Object(Closure))
#28 /home/gpalacios/Escritorio/videotutoriales/CursoLaravel/sisreclamosbav3/vendor/laravel/framework/src/Illuminate/Routing/Router.php(520): Illuminate\Routing\Router->runRouteWithinStack(Object(Illuminate\Routing\Route), Object(Illuminate\Http\Request))
#29 /home/gpalacios/Escritorio/videotutoriales/CursoLaravel/sisreclamosbav3/vendor/laravel/framework/src/Illuminate/Routing/Router.php(498): Illuminate\Routing\Router->dispatchToRoute(Object(Illuminate\Http\Request))
#30 /home/gpalacios/Escritorio/videotutoriales/CursoLaravel/sisreclamosbav3/vendor/laravel/framework/src/Illuminate/Foundation/Http/Kernel.php(174): Illuminate\Routing\Router->dispatch(Object(Illuminate\Http\Request))
#31 /home/gpalacios/Escritorio/videotutoriales/CursoLaravel/sisreclamosbav3/vendor/laravel/framework/src/Illuminate/Routing/Pipeline.php(30): Illuminate\Foundation\Http\Kernel->Illuminate\Foundation\Http\{closure}(Object(Illuminate\Http\Request))
#32 /home/gpalacios/Escritorio/videotutoriales/CursoLaravel/sisreclamosbav3/vendor/laravel/framework/src/Illuminate/Foundation/Http/Middleware/TransformsRequest.php(30): Illuminate\Routing\Pipeline->Illuminate\Routing\{closure}(Object(Illuminate\Http\Request))
#33 /home/gpalacios/Escritorio/videotutoriales/CursoLaravel/sisreclamosbav3/vendor/laravel/framework/src/Illuminate/Pipeline/Pipeline.php(148): Illuminate\Foundation\Http\Middleware\TransformsRequest->handle(Object(Illuminate\Http\Request), Object(Closure))
#34 /home/gpalacios/Escritorio/videotutoriales/CursoLaravel/sisreclamosbav3/vendor/laravel/framework/src/Illuminate/Routing/Pipeline.php(53): Illuminate\Pipeline\Pipeline->Illuminate\Pipeline\{closure}(Object(Illuminate\Http\Request))
#35 /home/gpalacios/Escritorio/videotutoriales/CursoLaravel/sisreclamosbav3/vendor/laravel/framework/src/Illuminate/Foundation/Http/Middleware/TransformsRequest.php(30): Illuminate\Routing\Pipeline->Illuminate\Routing\{closure}(Object(Illuminate\Http\Request))
#36 /home/gpalacios/Escritorio/videotutoriales/CursoLaravel/sisreclamosbav3/vendor/laravel/framework/src/Illuminate/Pipeline/Pipeline.php(148): Illuminate\Foundation\Http\Middleware\TransformsRequest->handle(Object(Illuminate\Http\Request), Object(Closure))
#37 /home/gpalacios/Escritorio/videotutoriales/CursoLaravel/sisreclamosbav3/vendor/laravel/framework/src/Illuminate/Routing/Pipeline.php(53): Illuminate\Pipeline\Pipeline->Illuminate\Pipeline\{closure}(Object(Illuminate\Http\Request))
#38 /home/gpalacios/Escritorio/videotutoriales/CursoLaravel/sisreclamosbav3/vendor/laravel/framework/src/Illuminate/Foundation/Http/Middleware/ValidatePostSize.php(27): Illuminate\Routing\Pipeline->Illuminate\Routing\{closure}(Object(Illuminate\Http\Request))
#39 /home/gpalacios/Escritorio/videotutoriales/CursoLaravel/sisreclamosbav3/vendor/laravel/framework/src/Illuminate/Pipeline/Pipeline.php(148): Illuminate\Foundation\Http\Middleware\ValidatePostSize->handle(Object(Illuminate\Http\Request), Object(Closure))
#40 /home/gpalacios/Escritorio/videotutoriales/CursoLaravel/sisreclamosbav3/vendor/laravel/framework/src/Illuminate/Routing/Pipeline.php(53): Illuminate\Pipeline\Pipeline->Illuminate\Pipeline\{closure}(Object(Illuminate\Http\Request))
#41 /home/gpalacios/Escritorio/videotutoriales/CursoLaravel/sisreclamosbav3/vendor/laravel/framework/src/Illuminate/Foundation/Http/Middleware/CheckForMaintenanceMode.php(46): Illuminate\Routing\Pipeline->Illuminate\Routing\{closure}(Object(Illuminate\Http\Request))
#42 /home/gpalacios/Escritorio/videotutoriales/CursoLaravel/sisreclamosbav3/vendor/laravel/framework/src/Illuminate/Pipeline/Pipeline.php(148): Illuminate\Foundation\Http\Middleware\CheckForMaintenanceMode->handle(Object(Illuminate\Http\Request), Object(Closure))
#43 /home/gpalacios/Escritorio/videotutoriales/CursoLaravel/sisreclamosbav3/vendor/laravel/framework/src/Illuminate/Routing/Pipeline.php(53): Illuminate\Pipeline\Pipeline->Illuminate\Pipeline\{closure}(Object(Illuminate\Http\Request))
#44 /home/gpalacios/Escritorio/videotutoriales/CursoLaravel/sisreclamosbav3/vendor/laravel/framework/src/Illuminate/Pipeline/Pipeline.php(102): Illuminate\Routing\Pipeline->Illuminate\Routing\{closure}(Object(Illuminate\Http\Request))
#45 /home/gpalacios/Escritorio/videotutoriales/CursoLaravel/sisreclamosbav3/vendor/laravel/framework/src/Illuminate/Foundation/Http/Kernel.php(149): Illuminate\Pipeline\Pipeline->then(Object(Closure))
#46 /home/gpalacios/Escritorio/videotutoriales/CursoLaravel/sisreclamosbav3/vendor/laravel/framework/src/Illuminate/Foundation/Http/Kernel.php(116): Illuminate\Foundation\Http\Kernel->sendRequestThroughRouter(Object(Illuminate\Http\Request))
#47 /home/gpalacios/Escritorio/videotutoriales/CursoLaravel/sisreclamosbav3/public/index.php(53): Illuminate\Foundation\Http\Kernel->handle(Object(Illuminate\Http\Request))
#48 /home/gpalacios/Escritorio/videotutoriales/CursoLaravel/sisreclamosbav3/server.php(21): require_once('/home/gpalacios...')
#49 {main}  
[2017-09-05 18:47:15] local.ERROR: InvalidArgumentException: View [pages.projects] not found. in /home/gpalacios/Escritorio/videotutoriales/CursoLaravel/sisreclamosbav3/vendor/laravel/framework/src/Illuminate/View/FileViewFinder.php:137
Stack trace:
#0 /home/gpalacios/Escritorio/videotutoriales/CursoLaravel/sisreclamosbav3/vendor/laravel/framework/src/Illuminate/View/FileViewFinder.php(79): Illuminate\View\FileViewFinder->findInPaths('pages.projects', Array)
#1 /home/gpalacios/Escritorio/videotutoriales/CursoLaravel/sisreclamosbav3/vendor/laravel/framework/src/Illuminate/View/Factory.php(128): Illuminate\View\FileViewFinder->find('pages.projects')
#2 /home/gpalacios/Escritorio/videotutoriales/CursoLaravel/sisreclamosbav3/vendor/laravel/framework/src/Illuminate/Support/Facades/Facade.php(221): Illuminate\View\Factory->make('pages.projects')
#3 /home/gpalacios/Escritorio/videotutoriales/CursoLaravel/sisreclamosbav3/routes/web.php(28): Illuminate\Support\Facades\Facade::__callStatic('make', Array)
#4 /home/gpalacios/Escritorio/videotutoriales/CursoLaravel/sisreclamosbav3/vendor/laravel/framework/src/Illuminate/Routing/Route.php(189): Illuminate\Routing\Router->{closure}()
#5 /home/gpalacios/Escritorio/videotutoriales/CursoLaravel/sisreclamosbav3/vendor/laravel/framework/src/Illuminate/Routing/Route.php(163): Illuminate\Routing\Route->runCallable()
#6 /home/gpalacios/Escritorio/videotutoriales/CursoLaravel/sisreclamosbav3/vendor/laravel/framework/src/Illuminate/Routing/Router.php(559): Illuminate\Routing\Route->run()
#7 /home/gpalacios/Escritorio/videotutoriales/CursoLaravel/sisreclamosbav3/vendor/laravel/framework/src/Illuminate/Routing/Pipeline.php(30): Illuminate\Routing\Router->Illuminate\Routing\{closure}(Object(Illuminate\Http\Request))
#8 /home/gpalacios/Escritorio/videotutoriales/CursoLaravel/sisreclamosbav3/vendor/laravel/framework/src/Illuminate/Routing/Middleware/SubstituteBindings.php(41): Illuminate\Routing\Pipeline->Illuminate\Routing\{closure}(Object(Illuminate\Http\Request))
#9 /home/gpalacios/Escritorio/videotutoriales/CursoLaravel/sisreclamosbav3/vendor/laravel/framework/src/Illuminate/Pipeline/Pipeline.php(148): Illuminate\Routing\Middleware\SubstituteBindings->handle(Object(Illuminate\Http\Request), Object(Closure))
#10 /home/gpalacios/Escritorio/videotutoriales/CursoLaravel/sisreclamosbav3/vendor/laravel/framework/src/Illuminate/Routing/Pipeline.php(53): Illuminate\Pipeline\Pipeline->Illuminate\Pipeline\{closure}(Object(Illuminate\Http\Request))
#11 /home/gpalacios/Escritorio/videotutoriales/CursoLaravel/sisreclamosbav3/vendor/laravel/framework/src/Illuminate/Foundation/Http/Middleware/VerifyCsrfToken.php(65): Illuminate\Routing\Pipeline->Illuminate\Routing\{closure}(Object(Illuminate\Http\Request))
#12 /home/gpalacios/Escritorio/videotutoriales/CursoLaravel/sisreclamosbav3/vendor/laravel/framework/src/Illuminate/Pipeline/Pipeline.php(148): Illuminate\Foundation\Http\Middleware\VerifyCsrfToken->handle(Object(Illuminate\Http\Request), Object(Closure))
#13 /home/gpalacios/Escritorio/videotutoriales/CursoLaravel/sisreclamosbav3/vendor/laravel/framework/src/Illuminate/Routing/Pipeline.php(53): Illuminate\Pipeline\Pipeline->Illuminate\Pipeline\{closure}(Object(Illuminate\Http\Request))
#14 /home/gpalacios/Escritorio/videotutoriales/CursoLaravel/sisreclamosbav3/vendor/laravel/framework/src/Illuminate/View/Middleware/ShareErrorsFromSession.php(49): Illuminate\Routing\Pipeline->Illuminate\Routing\{closure}(Object(Illuminate\Http\Request))
#15 /home/gpalacios/Escritorio/videotutoriales/CursoLaravel/sisreclamosbav3/vendor/laravel/framework/src/Illuminate/Pipeline/Pipeline.php(148): Illuminate\View\Middleware\ShareErrorsFromSession->handle(Object(Illuminate\Http\Request), Object(Closure))
#16 /home/gpalacios/Escritorio/videotutoriales/CursoLaravel/sisreclamosbav3/vendor/laravel/framework/src/Illuminate/Routing/Pipeline.php(53): Illuminate\Pipeline\Pipeline->Illuminate\Pipeline\{closure}(Object(Illuminate\Http\Request))
#17 /home/gpalacios/Escritorio/videotutoriales/CursoLaravel/sisreclamosbav3/vendor/laravel/framework/src/Illuminate/Session/Middleware/StartSession.php(64): Illuminate\Routing\Pipeline->Illuminate\Routing\{closure}(Object(Illuminate\Http\Request))
#18 /home/gpalacios/Escritorio/videotutoriales/CursoLaravel/sisreclamosbav3/vendor/laravel/framework/src/Illuminate/Pipeline/Pipeline.php(148): Illuminate\Session\Middleware\StartSession->handle(Object(Illuminate\Http\Request), Object(Closure))
#19 /home/gpalacios/Escritorio/videotutoriales/CursoLaravel/sisreclamosbav3/vendor/laravel/framework/src/Illuminate/Routing/Pipeline.php(53): Illuminate\Pipeline\Pipeline->Illuminate\Pipeline\{closure}(Object(Illuminate\Http\Request))
#20 /home/gpalacios/Escritorio/videotutoriales/CursoLaravel/sisreclamosbav3/vendor/laravel/framework/src/Illuminate/Cookie/Middleware/AddQueuedCookiesToResponse.php(37): Illuminate\Routing\Pipeline->Illuminate\Routing\{closure}(Object(Illuminate\Http\Request))
#21 /home/gpalacios/Escritorio/videotutoriales/CursoLaravel/sisreclamosbav3/vendor/laravel/framework/src/Illuminate/Pipeline/Pipeline.php(148): Illuminate\Cookie\Middleware\AddQueuedCookiesToResponse->handle(Object(Illuminate\Http\Request), Object(Closure))
#22 /home/gpalacios/Escritorio/videotutoriales/CursoLaravel/sisreclamosbav3/vendor/laravel/framework/src/Illuminate/Routing/Pipeline.php(53): Illuminate\Pipeline\Pipeline->Illuminate\Pipeline\{closure}(Object(Illuminate\Http\Request))
#23 /home/gpalacios/Escritorio/videotutoriales/CursoLaravel/sisreclamosbav3/vendor/laravel/framework/src/Illuminate/Cookie/Middleware/EncryptCookies.php(59): Illuminate\Routing\Pipeline->Illuminate\Routing\{closure}(Object(Illuminate\Http\Request))
#24 /home/gpalacios/Escritorio/videotutoriales/CursoLaravel/sisreclamosbav3/vendor/laravel/framework/src/Illuminate/Pipeline/Pipeline.php(148): Illuminate\Cookie\Middleware\EncryptCookies->handle(Object(Illuminate\Http\Request), Object(Closure))
#25 /home/gpalacios/Escritorio/videotutoriales/CursoLaravel/sisreclamosbav3/vendor/laravel/framework/src/Illuminate/Routing/Pipeline.php(53): Illuminate\Pipeline\Pipeline->Illuminate\Pipeline\{closure}(Object(Illuminate\Http\Request))
#26 /home/gpalacios/Escritorio/videotutoriales/CursoLaravel/sisreclamosbav3/vendor/laravel/framework/src/Illuminate/Pipeline/Pipeline.php(102): Illuminate\Routing\Pipeline->Illuminate\Routing\{closure}(Object(Illuminate\Http\Request))
#27 /home/gpalacios/Escritorio/videotutoriales/CursoLaravel/sisreclamosbav3/vendor/laravel/framework/src/Illuminate/Routing/Router.php(561): Illuminate\Pipeline\Pipeline->then(Object(Closure))
#28 /home/gpalacios/Escritorio/videotutoriales/CursoLaravel/sisreclamosbav3/vendor/laravel/framework/src/Illuminate/Routing/Router.php(520): Illuminate\Routing\Router->runRouteWithinStack(Object(Illuminate\Routing\Route), Object(Illuminate\Http\Request))
#29 /home/gpalacios/Escritorio/videotutoriales/CursoLaravel/sisreclamosbav3/vendor/laravel/framework/src/Illuminate/Routing/Router.php(498): Illuminate\Routing\Router->dispatchToRoute(Object(Illuminate\Http\Request))
#30 /home/gpalacios/Escritorio/videotutoriales/CursoLaravel/sisreclamosbav3/vendor/laravel/framework/src/Illuminate/Foundation/Http/Kernel.php(174): Illuminate\Routing\Router->dispatch(Object(Illuminate\Http\Request))
#31 /home/gpalacios/Escritorio/videotutoriales/CursoLaravel/sisreclamosbav3/vendor/laravel/framework/src/Illuminate/Routing/Pipeline.php(30): Illuminate\Foundation\Http\Kernel->Illuminate\Foundation\Http\{closure}(Object(Illuminate\Http\Request))
#32 /home/gpalacios/Escritorio/videotutoriales/CursoLaravel/sisreclamosbav3/vendor/laravel/framework/src/Illuminate/Foundation/Http/Middleware/TransformsRequest.php(30): Illuminate\Routing\Pipeline->Illuminate\Routing\{closure}(Object(Illuminate\Http\Request))
#33 /home/gpalacios/Escritorio/videotutoriales/CursoLaravel/sisreclamosbav3/vendor/laravel/framework/src/Illuminate/Pipeline/Pipeline.php(148): Illuminate\Foundation\Http\Middleware\TransformsRequest->handle(Object(Illuminate\Http\Request), Object(Closure))
#34 /home/gpalacios/Escritorio/videotutoriales/CursoLaravel/sisreclamosbav3/vendor/laravel/framework/src/Illuminate/Routing/Pipeline.php(53): Illuminate\Pipeline\Pipeline->Illuminate\Pipeline\{closure}(Object(Illuminate\Http\Request))
#35 /home/gpalacios/Escritorio/videotutoriales/CursoLaravel/sisreclamosbav3/vendor/laravel/framework/src/Illuminate/Foundation/Http/Middleware/TransformsRequest.php(30): Illuminate\Routing\Pipeline->Illuminate\Routing\{closure}(Object(Illuminate\Http\Request))
#36 /home/gpalacios/Escritorio/videotutoriales/CursoLaravel/sisreclamosbav3/vendor/laravel/framework/src/Illuminate/Pipeline/Pipeline.php(148): Illuminate\Foundation\Http\Middleware\TransformsRequest->handle(Object(Illuminate\Http\Request), Object(Closure))
#37 /home/gpalacios/Escritorio/videotutoriales/CursoLaravel/sisreclamosbav3/vendor/laravel/framework/src/Illuminate/Routing/Pipeline.php(53): Illuminate\Pipeline\Pipeline->Illuminate\Pipeline\{closure}(Object(Illuminate\Http\Request))
#38 /home/gpalacios/Escritorio/videotutoriales/CursoLaravel/sisreclamosbav3/vendor/laravel/framework/src/Illuminate/Foundation/Http/Middleware/ValidatePostSize.php(27): Illuminate\Routing\Pipeline->Illuminate\Routing\{closure}(Object(Illuminate\Http\Request))
#39 /home/gpalacios/Escritorio/videotutoriales/CursoLaravel/sisreclamosbav3/vendor/laravel/framework/src/Illuminate/Pipeline/Pipeline.php(148): Illuminate\Foundation\Http\Middleware\ValidatePostSize->handle(Object(Illuminate\Http\Request), Object(Closure))
#40 /home/gpalacios/Escritorio/videotutoriales/CursoLaravel/sisreclamosbav3/vendor/laravel/framework/src/Illuminate/Routing/Pipeline.php(53): Illuminate\Pipeline\Pipeline->Illuminate\Pipeline\{closure}(Object(Illuminate\Http\Request))
#41 /home/gpalacios/Escritorio/videotutoriales/CursoLaravel/sisreclamosbav3/vendor/laravel/framework/src/Illuminate/Foundation/Http/Middleware/CheckForMaintenanceMode.php(46): Illuminate\Routing\Pipeline->Illuminate\Routing\{closure}(Object(Illuminate\Http\Request))
#42 /home/gpalacios/Escritorio/videotutoriales/CursoLaravel/sisreclamosbav3/vendor/laravel/framework/src/Illuminate/Pipeline/Pipeline.php(148): Illuminate\Foundation\Http\Middleware\CheckForMaintenanceMode->handle(Object(Illuminate\Http\Request), Object(Closure))
#43 /home/gpalacios/Escritorio/videotutoriales/CursoLaravel/sisreclamosbav3/vendor/laravel/framework/src/Illuminate/Routing/Pipeline.php(53): Illuminate\Pipeline\Pipeline->Illuminate\Pipeline\{closure}(Object(Illuminate\Http\Request))
#44 /home/gpalacios/Escritorio/videotutoriales/CursoLaravel/sisreclamosbav3/vendor/laravel/framework/src/Illuminate/Pipeline/Pipeline.php(102): Illuminate\Routing\Pipeline->Illuminate\Routing\{closure}(Object(Illuminate\Http\Request))
#45 /home/gpalacios/Escritorio/videotutoriales/CursoLaravel/sisreclamosbav3/vendor/laravel/framework/src/Illuminate/Foundation/Http/Kernel.php(149): Illuminate\Pipeline\Pipeline->then(Object(Closure))
#46 /home/gpalacios/Escritorio/videotutoriales/CursoLaravel/sisreclamosbav3/vendor/laravel/framework/src/Illuminate/Foundation/Http/Kernel.php(116): Illuminate\Foundation\Http\Kernel->sendRequestThroughRouter(Object(Illuminate\Http\Request))
#47 /home/gpalacios/Escritorio/videotutoriales/CursoLaravel/sisreclamosbav3/public/index.php(53): Illuminate\Foundation\Http\Kernel->handle(Object(Illuminate\Http\Request))
#48 /home/gpalacios/Escritorio/videotutoriales/CursoLaravel/sisreclamosbav3/server.php(21): require_once('/home/gpalacios...')
#49 {main}  
[2017-09-05 18:47:17] local.ERROR: InvalidArgumentException: View [pages.contact] not found. in /home/gpalacios/Escritorio/videotutoriales/CursoLaravel/sisreclamosbav3/vendor/laravel/framework/src/Illuminate/View/FileViewFinder.php:137
Stack trace:
#0 /home/gpalacios/Escritorio/videotutoriales/CursoLaravel/sisreclamosbav3/vendor/laravel/framework/src/Illuminate/View/FileViewFinder.php(79): Illuminate\View\FileViewFinder->findInPaths('pages.contact', Array)
#1 /home/gpalacios/Escritorio/videotutoriales/CursoLaravel/sisreclamosbav3/vendor/laravel/framework/src/Illuminate/View/Factory.php(128): Illuminate\View\FileViewFinder->find('pages.contact')
#2 /home/gpalacios/Escritorio/videotutoriales/CursoLaravel/sisreclamosbav3/vendor/laravel/framework/src/Illuminate/Support/Facades/Facade.php(221): Illuminate\View\Factory->make('pages.contact')
#3 /home/gpalacios/Escritorio/videotutoriales/CursoLaravel/sisreclamosbav3/routes/web.php(32): Illuminate\Support\Facades\Facade::__callStatic('make', Array)
#4 /home/gpalacios/Escritorio/videotutoriales/CursoLaravel/sisreclamosbav3/vendor/laravel/framework/src/Illuminate/Routing/Route.php(189): Illuminate\Routing\Router->{closure}()
#5 /home/gpalacios/Escritorio/videotutoriales/CursoLaravel/sisreclamosbav3/vendor/laravel/framework/src/Illuminate/Routing/Route.php(163): Illuminate\Routing\Route->runCallable()
#6 /home/gpalacios/Escritorio/videotutoriales/CursoLaravel/sisreclamosbav3/vendor/laravel/framework/src/Illuminate/Routing/Router.php(559): Illuminate\Routing\Route->run()
#7 /home/gpalacios/Escritorio/videotutoriales/CursoLaravel/sisreclamosbav3/vendor/laravel/framework/src/Illuminate/Routing/Pipeline.php(30): Illuminate\Routing\Router->Illuminate\Routing\{closure}(Object(Illuminate\Http\Request))
#8 /home/gpalacios/Escritorio/videotutoriales/CursoLaravel/sisreclamosbav3/vendor/laravel/framework/src/Illuminate/Routing/Middleware/SubstituteBindings.php(41): Illuminate\Routing\Pipeline->Illuminate\Routing\{closure}(Object(Illuminate\Http\Request))
#9 /home/gpalacios/Escritorio/videotutoriales/CursoLaravel/sisreclamosbav3/vendor/laravel/framework/src/Illuminate/Pipeline/Pipeline.php(148): Illuminate\Routing\Middleware\SubstituteBindings->handle(Object(Illuminate\Http\Request), Object(Closure))
#10 /home/gpalacios/Escritorio/videotutoriales/CursoLaravel/sisreclamosbav3/vendor/laravel/framework/src/Illuminate/Routing/Pipeline.php(53): Illuminate\Pipeline\Pipeline->Illuminate\Pipeline\{closure}(Object(Illuminate\Http\Request))
#11 /home/gpalacios/Escritorio/videotutoriales/CursoLaravel/sisreclamosbav3/vendor/laravel/framework/src/Illuminate/Foundation/Http/Middleware/VerifyCsrfToken.php(65): Illuminate\Routing\Pipeline->Illuminate\Routing\{closure}(Object(Illuminate\Http\Request))
#12 /home/gpalacios/Escritorio/videotutoriales/CursoLaravel/sisreclamosbav3/vendor/laravel/framework/src/Illuminate/Pipeline/Pipeline.php(148): Illuminate\Foundation\Http\Middleware\VerifyCsrfToken->handle(Object(Illuminate\Http\Request), Object(Closure))
#13 /home/gpalacios/Escritorio/videotutoriales/CursoLaravel/sisreclamosbav3/vendor/laravel/framework/src/Illuminate/Routing/Pipeline.php(53): Illuminate\Pipeline\Pipeline->Illuminate\Pipeline\{closure}(Object(Illuminate\Http\Request))
#14 /home/gpalacios/Escritorio/videotutoriales/CursoLaravel/sisreclamosbav3/vendor/laravel/framework/src/Illuminate/View/Middleware/ShareErrorsFromSession.php(49): Illuminate\Routing\Pipeline->Illuminate\Routing\{closure}(Object(Illuminate\Http\Request))
#15 /home/gpalacios/Escritorio/videotutoriales/CursoLaravel/sisreclamosbav3/vendor/laravel/framework/src/Illuminate/Pipeline/Pipeline.php(148): Illuminate\View\Middleware\ShareErrorsFromSession->handle(Object(Illuminate\Http\Request), Object(Closure))
#16 /home/gpalacios/Escritorio/videotutoriales/CursoLaravel/sisreclamosbav3/vendor/laravel/framework/src/Illuminate/Routing/Pipeline.php(53): Illuminate\Pipeline\Pipeline->Illuminate\Pipeline\{closure}(Object(Illuminate\Http\Request))
#17 /home/gpalacios/Escritorio/videotutoriales/CursoLaravel/sisreclamosbav3/vendor/laravel/framework/src/Illuminate/Session/Middleware/StartSession.php(64): Illuminate\Routing\Pipeline->Illuminate\Routing\{closure}(Object(Illuminate\Http\Request))
#18 /home/gpalacios/Escritorio/videotutoriales/CursoLaravel/sisreclamosbav3/vendor/laravel/framework/src/Illuminate/Pipeline/Pipeline.php(148): Illuminate\Session\Middleware\StartSession->handle(Object(Illuminate\Http\Request), Object(Closure))
#19 /home/gpalacios/Escritorio/videotutoriales/CursoLaravel/sisreclamosbav3/vendor/laravel/framework/src/Illuminate/Routing/Pipeline.php(53): Illuminate\Pipeline\Pipeline->Illuminate\Pipeline\{closure}(Object(Illuminate\Http\Request))
#20 /home/gpalacios/Escritorio/videotutoriales/CursoLaravel/sisreclamosbav3/vendor/laravel/framework/src/Illuminate/Cookie/Middleware/AddQueuedCookiesToResponse.php(37): Illuminate\Routing\Pipeline->Illuminate\Routing\{closure}(Object(Illuminate\Http\Request))
#21 /home/gpalacios/Escritorio/videotutoriales/CursoLaravel/sisreclamosbav3/vendor/laravel/framework/src/Illuminate/Pipeline/Pipeline.php(148): Illuminate\Cookie\Middleware\AddQueuedCookiesToResponse->handle(Object(Illuminate\Http\Request), Object(Closure))
#22 /home/gpalacios/Escritorio/videotutoriales/CursoLaravel/sisreclamosbav3/vendor/laravel/framework/src/Illuminate/Routing/Pipeline.php(53): Illuminate\Pipeline\Pipeline->Illuminate\Pipeline\{closure}(Object(Illuminate\Http\Request))
#23 /home/gpalacios/Escritorio/videotutoriales/CursoLaravel/sisreclamosbav3/vendor/laravel/framework/src/Illuminate/Cookie/Middleware/EncryptCookies.php(59): Illuminate\Routing\Pipeline->Illuminate\Routing\{closure}(Object(Illuminate\Http\Request))
#24 /home/gpalacios/Escritorio/videotutoriales/CursoLaravel/sisreclamosbav3/vendor/laravel/framework/src/Illuminate/Pipeline/Pipeline.php(148): Illuminate\Cookie\Middleware\EncryptCookies->handle(Object(Illuminate\Http\Request), Object(Closure))
#25 /home/gpalacios/Escritorio/videotutoriales/CursoLaravel/sisreclamosbav3/vendor/laravel/framework/src/Illuminate/Routing/Pipeline.php(53): Illuminate\Pipeline\Pipeline->Illuminate\Pipeline\{closure}(Object(Illuminate\Http\Request))
#26 /home/gpalacios/Escritorio/videotutoriales/CursoLaravel/sisreclamosbav3/vendor/laravel/framework/src/Illuminate/Pipeline/Pipeline.php(102): Illuminate\Routing\Pipeline->Illuminate\Routing\{closure}(Object(Illuminate\Http\Request))
#27 /home/gpalacios/Escritorio/videotutoriales/CursoLaravel/sisreclamosbav3/vendor/laravel/framework/src/Illuminate/Routing/Router.php(561): Illuminate\Pipeline\Pipeline->then(Object(Closure))
#28 /home/gpalacios/Escritorio/videotutoriales/CursoLaravel/sisreclamosbav3/vendor/laravel/framework/src/Illuminate/Routing/Router.php(520): Illuminate\Routing\Router->runRouteWithinStack(Object(Illuminate\Routing\Route), Object(Illuminate\Http\Request))
#29 /home/gpalacios/Escritorio/videotutoriales/CursoLaravel/sisreclamosbav3/vendor/laravel/framework/src/Illuminate/Routing/Router.php(498): Illuminate\Routing\Router->dispatchToRoute(Object(Illuminate\Http\Request))
#30 /home/gpalacios/Escritorio/videotutoriales/CursoLaravel/sisreclamosbav3/vendor/laravel/framework/src/Illuminate/Foundation/Http/Kernel.php(174): Illuminate\Routing\Router->dispatch(Object(Illuminate\Http\Request))
#31 /home/gpalacios/Escritorio/videotutoriales/CursoLaravel/sisreclamosbav3/vendor/laravel/framework/src/Illuminate/Routing/Pipeline.php(30): Illuminate\Foundation\Http\Kernel->Illuminate\Foundation\Http\{closure}(Object(Illuminate\Http\Request))
#32 /home/gpalacios/Escritorio/videotutoriales/CursoLaravel/sisreclamosbav3/vendor/laravel/framework/src/Illuminate/Foundation/Http/Middleware/TransformsRequest.php(30): Illuminate\Routing\Pipeline->Illuminate\Routing\{closure}(Object(Illuminate\Http\Request))
#33 /home/gpalacios/Escritorio/videotutoriales/CursoLaravel/sisreclamosbav3/vendor/laravel/framework/src/Illuminate/Pipeline/Pipeline.php(148): Illuminate\Foundation\Http\Middleware\TransformsRequest->handle(Object(Illuminate\Http\Request), Object(Closure))
#34 /home/gpalacios/Escritorio/videotutoriales/CursoLaravel/sisreclamosbav3/vendor/laravel/framework/src/Illuminate/Routing/Pipeline.php(53): Illuminate\Pipeline\Pipeline->Illuminate\Pipeline\{closure}(Object(Illuminate\Http\Request))
#35 /home/gpalacios/Escritorio/videotutoriales/CursoLaravel/sisreclamosbav3/vendor/laravel/framework/src/Illuminate/Foundation/Http/Middleware/TransformsRequest.php(30): Illuminate\Routing\Pipeline->Illuminate\Routing\{closure}(Object(Illuminate\Http\Request))
#36 /home/gpalacios/Escritorio/videotutoriales/CursoLaravel/sisreclamosbav3/vendor/laravel/framework/src/Illuminate/Pipeline/Pipeline.php(148): Illuminate\Foundation\Http\Middleware\TransformsRequest->handle(Object(Illuminate\Http\Request), Object(Closure))
#37 /home/gpalacios/Escritorio/videotutoriales/CursoLaravel/sisreclamosbav3/vendor/laravel/framework/src/Illuminate/Routing/Pipeline.php(53): Illuminate\Pipeline\Pipeline->Illuminate\Pipeline\{closure}(Object(Illuminate\Http\Request))
#38 /home/gpalacios/Escritorio/videotutoriales/CursoLaravel/sisreclamosbav3/vendor/laravel/framework/src/Illuminate/Foundation/Http/Middleware/ValidatePostSize.php(27): Illuminate\Routing\Pipeline->Illuminate\Routing\{closure}(Object(Illuminate\Http\Request))
#39 /home/gpalacios/Escritorio/videotutoriales/CursoLaravel/sisreclamosbav3/vendor/laravel/framework/src/Illuminate/Pipeline/Pipeline.php(148): Illuminate\Foundation\Http\Middleware\ValidatePostSize->handle(Object(Illuminate\Http\Request), Object(Closure))
#40 /home/gpalacios/Escritorio/videotutoriales/CursoLaravel/sisreclamosbav3/vendor/laravel/framework/src/Illuminate/Routing/Pipeline.php(53): Illuminate\Pipeline\Pipeline->Illuminate\Pipeline\{closure}(Object(Illuminate\Http\Request))
#41 /home/gpalacios/Escritorio/videotutoriales/CursoLaravel/sisreclamosbav3/vendor/laravel/framework/src/Illuminate/Foundation/Http/Middleware/CheckForMaintenanceMode.php(46): Illuminate\Routing\Pipeline->Illuminate\Routing\{closure}(Object(Illuminate\Http\Request))
#42 /home/gpalacios/Escritorio/videotutoriales/CursoLaravel/sisreclamosbav3/vendor/laravel/framework/src/Illuminate/Pipeline/Pipeline.php(148): Illuminate\Foundation\Http\Middleware\CheckForMaintenanceMode->handle(Object(Illuminate\Http\Request), Object(Closure))
#43 /home/gpalacios/Escritorio/videotutoriales/CursoLaravel/sisreclamosbav3/vendor/laravel/framework/src/Illuminate/Routing/Pipeline.php(53): Illuminate\Pipeline\Pipeline->Illuminate\Pipeline\{closure}(Object(Illuminate\Http\Request))
#44 /home/gpalacios/Escritorio/videotutoriales/CursoLaravel/sisreclamosbav3/vendor/laravel/framework/src/Illuminate/Pipeline/Pipeline.php(102): Illuminate\Routing\Pipeline->Illuminate\Routing\{closure}(Object(Illuminate\Http\Request))
#45 /home/gpalacios/Escritorio/videotutoriales/CursoLaravel/sisreclamosbav3/vendor/laravel/framework/src/Illuminate/Foundation/Http/Kernel.php(149): Illuminate\Pipeline\Pipeline->then(Object(Closure))
#46 /home/gpalacios/Escritorio/videotutoriales/CursoLaravel/sisreclamosbav3/vendor/laravel/framework/src/Illuminate/Foundation/Http/Kernel.php(116): Illuminate\Foundation\Http\Kernel->sendRequestThroughRouter(Object(Illuminate\Http\Request))
#47 /home/gpalacios/Escritorio/videotutoriales/CursoLaravel/sisreclamosbav3/public/index.php(53): Illuminate\Foundation\Http\Kernel->handle(Object(Illuminate\Http\Request))
#48 /home/gpalacios/Escritorio/videotutoriales/CursoLaravel/sisreclamosbav3/server.php(21): require_once('/home/gpalacios...')
#49 {main}  
[2017-09-05 20:23:46] local.ERROR: InvalidArgumentException: View [pages.] not found. in /home/gpalacios/Escritorio/videotutoriales/CursoLaravel/sisreclamosbav3/vendor/laravel/framework/src/Illuminate/View/FileViewFinder.php:137
Stack trace:
#0 /home/gpalacios/Escritorio/videotutoriales/CursoLaravel/sisreclamosbav3/vendor/laravel/framework/src/Illuminate/View/FileViewFinder.php(79): Illuminate\View\FileViewFinder->findInPaths('pages.', Array)
#1 /home/gpalacios/Escritorio/videotutoriales/CursoLaravel/sisreclamosbav3/vendor/laravel/framework/src/Illuminate/View/Factory.php(128): Illuminate\View\FileViewFinder->find('pages.')
#2 /home/gpalacios/Escritorio/videotutoriales/CursoLaravel/sisreclamosbav3/vendor/laravel/framework/src/Illuminate/Support/Facades/Facade.php(221): Illuminate\View\Factory->make('pages.')
#3 /home/gpalacios/Escritorio/videotutoriales/CursoLaravel/sisreclamosbav3/routes/web.php(32): Illuminate\Support\Facades\Facade::__callStatic('make', Array)
#4 /home/gpalacios/Escritorio/videotutoriales/CursoLaravel/sisreclamosbav3/vendor/laravel/framework/src/Illuminate/Routing/Route.php(189): Illuminate\Routing\Router->{closure}()
#5 /home/gpalacios/Escritorio/videotutoriales/CursoLaravel/sisreclamosbav3/vendor/laravel/framework/src/Illuminate/Routing/Route.php(163): Illuminate\Routing\Route->runCallable()
#6 /home/gpalacios/Escritorio/videotutoriales/CursoLaravel/sisreclamosbav3/vendor/laravel/framework/src/Illuminate/Routing/Router.php(559): Illuminate\Routing\Route->run()
#7 /home/gpalacios/Escritorio/videotutoriales/CursoLaravel/sisreclamosbav3/vendor/laravel/framework/src/Illuminate/Routing/Pipeline.php(30): Illuminate\Routing\Router->Illuminate\Routing\{closure}(Object(Illuminate\Http\Request))
#8 /home/gpalacios/Escritorio/videotutoriales/CursoLaravel/sisreclamosbav3/vendor/laravel/framework/src/Illuminate/Routing/Middleware/SubstituteBindings.php(41): Illuminate\Routing\Pipeline->Illuminate\Routing\{closure}(Object(Illuminate\Http\Request))
#9 /home/gpalacios/Escritorio/videotutoriales/CursoLaravel/sisreclamosbav3/vendor/laravel/framework/src/Illuminate/Pipeline/Pipeline.php(148): Illuminate\Routing\Middleware\SubstituteBindings->handle(Object(Illuminate\Http\Request), Object(Closure))
#10 /home/gpalacios/Escritorio/videotutoriales/CursoLaravel/sisreclamosbav3/vendor/laravel/framework/src/Illuminate/Routing/Pipeline.php(53): Illuminate\Pipeline\Pipeline->Illuminate\Pipeline\{closure}(Object(Illuminate\Http\Request))
#11 /home/gpalacios/Escritorio/videotutoriales/CursoLaravel/sisreclamosbav3/vendor/laravel/framework/src/Illuminate/Foundation/Http/Middleware/VerifyCsrfToken.php(65): Illuminate\Routing\Pipeline->Illuminate\Routing\{closure}(Object(Illuminate\Http\Request))
#12 /home/gpalacios/Escritorio/videotutoriales/CursoLaravel/sisreclamosbav3/vendor/laravel/framework/src/Illuminate/Pipeline/Pipeline.php(148): Illuminate\Foundation\Http\Middleware\VerifyCsrfToken->handle(Object(Illuminate\Http\Request), Object(Closure))
#13 /home/gpalacios/Escritorio/videotutoriales/CursoLaravel/sisreclamosbav3/vendor/laravel/framework/src/Illuminate/Routing/Pipeline.php(53): Illuminate\Pipeline\Pipeline->Illuminate\Pipeline\{closure}(Object(Illuminate\Http\Request))
#14 /home/gpalacios/Escritorio/videotutoriales/CursoLaravel/sisreclamosbav3/vendor/laravel/framework/src/Illuminate/View/Middleware/ShareErrorsFromSession.php(49): Illuminate\Routing\Pipeline->Illuminate\Routing\{closure}(Object(Illuminate\Http\Request))
#15 /home/gpalacios/Escritorio/videotutoriales/CursoLaravel/sisreclamosbav3/vendor/laravel/framework/src/Illuminate/Pipeline/Pipeline.php(148): Illuminate\View\Middleware\ShareErrorsFromSession->handle(Object(Illuminate\Http\Request), Object(Closure))
#16 /home/gpalacios/Escritorio/videotutoriales/CursoLaravel/sisreclamosbav3/vendor/laravel/framework/src/Illuminate/Routing/Pipeline.php(53): Illuminate\Pipeline\Pipeline->Illuminate\Pipeline\{closure}(Object(Illuminate\Http\Request))
#17 /home/gpalacios/Escritorio/videotutoriales/CursoLaravel/sisreclamosbav3/vendor/laravel/framework/src/Illuminate/Session/Middleware/StartSession.php(64): Illuminate\Routing\Pipeline->Illuminate\Routing\{closure}(Object(Illuminate\Http\Request))
#18 /home/gpalacios/Escritorio/videotutoriales/CursoLaravel/sisreclamosbav3/vendor/laravel/framework/src/Illuminate/Pipeline/Pipeline.php(148): Illuminate\Session\Middleware\StartSession->handle(Object(Illuminate\Http\Request), Object(Closure))
#19 /home/gpalacios/Escritorio/videotutoriales/CursoLaravel/sisreclamosbav3/vendor/laravel/framework/src/Illuminate/Routing/Pipeline.php(53): Illuminate\Pipeline\Pipeline->Illuminate\Pipeline\{closure}(Object(Illuminate\Http\Request))
#20 /home/gpalacios/Escritorio/videotutoriales/CursoLaravel/sisreclamosbav3/vendor/laravel/framework/src/Illuminate/Cookie/Middleware/AddQueuedCookiesToResponse.php(37): Illuminate\Routing\Pipeline->Illuminate\Routing\{closure}(Object(Illuminate\Http\Request))
#21 /home/gpalacios/Escritorio/videotutoriales/CursoLaravel/sisreclamosbav3/vendor/laravel/framework/src/Illuminate/Pipeline/Pipeline.php(148): Illuminate\Cookie\Middleware\AddQueuedCookiesToResponse->handle(Object(Illuminate\Http\Request), Object(Closure))
#22 /home/gpalacios/Escritorio/videotutoriales/CursoLaravel/sisreclamosbav3/vendor/laravel/framework/src/Illuminate/Routing/Pipeline.php(53): Illuminate\Pipeline\Pipeline->Illuminate\Pipeline\{closure}(Object(Illuminate\Http\Request))
#23 /home/gpalacios/Escritorio/videotutoriales/CursoLaravel/sisreclamosbav3/vendor/laravel/framework/src/Illuminate/Cookie/Middleware/EncryptCookies.php(59): Illuminate\Routing\Pipeline->Illuminate\Routing\{closure}(Object(Illuminate\Http\Request))
#24 /home/gpalacios/Escritorio/videotutoriales/CursoLaravel/sisreclamosbav3/vendor/laravel/framework/src/Illuminate/Pipeline/Pipeline.php(148): Illuminate\Cookie\Middleware\EncryptCookies->handle(Object(Illuminate\Http\Request), Object(Closure))
#25 /home/gpalacios/Escritorio/videotutoriales/CursoLaravel/sisreclamosbav3/vendor/laravel/framework/src/Illuminate/Routing/Pipeline.php(53): Illuminate\Pipeline\Pipeline->Illuminate\Pipeline\{closure}(Object(Illuminate\Http\Request))
#26 /home/gpalacios/Escritorio/videotutoriales/CursoLaravel/sisreclamosbav3/vendor/laravel/framework/src/Illuminate/Pipeline/Pipeline.php(102): Illuminate\Routing\Pipeline->Illuminate\Routing\{closure}(Object(Illuminate\Http\Request))
#27 /home/gpalacios/Escritorio/videotutoriales/CursoLaravel/sisreclamosbav3/vendor/laravel/framework/src/Illuminate/Routing/Router.php(561): Illuminate\Pipeline\Pipeline->then(Object(Closure))
#28 /home/gpalacios/Escritorio/videotutoriales/CursoLaravel/sisreclamosbav3/vendor/laravel/framework/src/Illuminate/Routing/Router.php(520): Illuminate\Routing\Router->runRouteWithinStack(Object(Illuminate\Routing\Route), Object(Illuminate\Http\Request))
#29 /home/gpalacios/Escritorio/videotutoriales/CursoLaravel/sisreclamosbav3/vendor/laravel/framework/src/Illuminate/Routing/Router.php(498): Illuminate\Routing\Router->dispatchToRoute(Object(Illuminate\Http\Request))
#30 /home/gpalacios/Escritorio/videotutoriales/CursoLaravel/sisreclamosbav3/vendor/laravel/framework/src/Illuminate/Foundation/Http/Kernel.php(174): Illuminate\Routing\Router->dispatch(Object(Illuminate\Http\Request))
#31 /home/gpalacios/Escritorio/videotutoriales/CursoLaravel/sisreclamosbav3/vendor/laravel/framework/src/Illuminate/Routing/Pipeline.php(30): Illuminate\Foundation\Http\Kernel->Illuminate\Foundation\Http\{closure}(Object(Illuminate\Http\Request))
#32 /home/gpalacios/Escritorio/videotutoriales/CursoLaravel/sisreclamosbav3/vendor/laravel/framework/src/Illuminate/Foundation/Http/Middleware/TransformsRequest.php(30): Illuminate\Routing\Pipeline->Illuminate\Routing\{closure}(Object(Illuminate\Http\Request))
#33 /home/gpalacios/Escritorio/videotutoriales/CursoLaravel/sisreclamosbav3/vendor/laravel/framework/src/Illuminate/Pipeline/Pipeline.php(148): Illuminate\Foundation\Http\Middleware\TransformsRequest->handle(Object(Illuminate\Http\Request), Object(Closure))
#34 /home/gpalacios/Escritorio/videotutoriales/CursoLaravel/sisreclamosbav3/vendor/laravel/framework/src/Illuminate/Routing/Pipeline.php(53): Illuminate\Pipeline\Pipeline->Illuminate\Pipeline\{closure}(Object(Illuminate\Http\Request))
#35 /home/gpalacios/Escritorio/videotutoriales/CursoLaravel/sisreclamosbav3/vendor/laravel/framework/src/Illuminate/Foundation/Http/Middleware/TransformsRequest.php(30): Illuminate\Routing\Pipeline->Illuminate\Routing\{closure}(Object(Illuminate\Http\Request))
#36 /home/gpalacios/Escritorio/videotutoriales/CursoLaravel/sisreclamosbav3/vendor/laravel/framework/src/Illuminate/Pipeline/Pipeline.php(148): Illuminate\Foundation\Http\Middleware\TransformsRequest->handle(Object(Illuminate\Http\Request), Object(Closure))
#37 /home/gpalacios/Escritorio/videotutoriales/CursoLaravel/sisreclamosbav3/vendor/laravel/framework/src/Illuminate/Routing/Pipeline.php(53): Illuminate\Pipeline\Pipeline->Illuminate\Pipeline\{closure}(Object(Illuminate\Http\Request))
#38 /home/gpalacios/Escritorio/videotutoriales/CursoLaravel/sisreclamosbav3/vendor/laravel/framework/src/Illuminate/Foundation/Http/Middleware/ValidatePostSize.php(27): Illuminate\Routing\Pipeline->Illuminate\Routing\{closure}(Object(Illuminate\Http\Request))
#39 /home/gpalacios/Escritorio/videotutoriales/CursoLaravel/sisreclamosbav3/vendor/laravel/framework/src/Illuminate/Pipeline/Pipeline.php(148): Illuminate\Foundation\Http\Middleware\ValidatePostSize->handle(Object(Illuminate\Http\Request), Object(Closure))
#40 /home/gpalacios/Escritorio/videotutoriales/CursoLaravel/sisreclamosbav3/vendor/laravel/framework/src/Illuminate/Routing/Pipeline.php(53): Illuminate\Pipeline\Pipeline->Illuminate\Pipeline\{closure}(Object(Illuminate\Http\Request))
#41 /home/gpalacios/Escritorio/videotutoriales/CursoLaravel/sisreclamosbav3/vendor/laravel/framework/src/Illuminate/Foundation/Http/Middleware/CheckForMaintenanceMode.php(46): Illuminate\Routing\Pipeline->Illuminate\Routing\{closure}(Object(Illuminate\Http\Request))
#42 /home/gpalacios/Escritorio/videotutoriales/CursoLaravel/sisreclamosbav3/vendor/laravel/framework/src/Illuminate/Pipeline/Pipeline.php(148): Illuminate\Foundation\Http\Middleware\CheckForMaintenanceMode->handle(Object(Illuminate\Http\Request), Object(Closure))
#43 /home/gpalacios/Escritorio/videotutoriales/CursoLaravel/sisreclamosbav3/vendor/laravel/framework/src/Illuminate/Routing/Pipeline.php(53): Illuminate\Pipeline\Pipeline->Illuminate\Pipeline\{closure}(Object(Illuminate\Http\Request))
#44 /home/gpalacios/Escritorio/videotutoriales/CursoLaravel/sisreclamosbav3/vendor/laravel/framework/src/Illuminate/Pipeline/Pipeline.php(102): Illuminate\Routing\Pipeline->Illuminate\Routing\{closure}(Object(Illuminate\Http\Request))
#45 /home/gpalacios/Escritorio/videotutoriales/CursoLaravel/sisreclamosbav3/vendor/laravel/framework/src/Illuminate/Foundation/Http/Kernel.php(149): Illuminate\Pipeline\Pipeline->then(Object(Closure))
#46 /home/gpalacios/Escritorio/videotutoriales/CursoLaravel/sisreclamosbav3/vendor/laravel/framework/src/Illuminate/Foundation/Http/Kernel.php(116): Illuminate\Foundation\Http\Kernel->sendRequestThroughRouter(Object(Illuminate\Http\Request))
#47 /home/gpalacios/Escritorio/videotutoriales/CursoLaravel/sisreclamosbav3/public/index.php(53): Illuminate\Foundation\Http\Kernel->handle(Object(Illuminate\Http\Request))
#48 /home/gpalacios/Escritorio/videotutoriales/CursoLaravel/sisreclamosbav3/server.php(21): require_once('/home/gpalacios...')
#49 {main}  
